\BOOKMARK [0][-]{chapter*.1}{\376\377\000\334\000b\000e\000r\000\040\000d\000i\000e\000s\000e\000s\000\040\000D\000o\000k\000u\000m\000e\000n\000t}{}% 1
\BOOKMARK [-1][-]{part.1}{\376\377\000I\000\040\000T\000h\000e\000o\000r\000e\000t\000i\000s\000c\000h\000e\000\040\000G\000r\000u\000n\000d\000l\000a\000g\000e\000n}{}% 2
\BOOKMARK [0][-]{chapter.1}{\376\377\000R\000O\000S\0002\000\040\040\023\000\040\000K\000o\000n\000z\000e\000p\000t\000e\000\040\000u\000n\000d\000\040\000A\000r\000c\000h\000i\000t\000e\000k\000t\000u\000r}{part.1}% 3
\BOOKMARK [1][-]{section.1.1}{\376\377\000W\000a\000r\000u\000m\000\040\000R\000O\000S\0002\000\040\000u\000n\000d\000\040\000n\000i\000c\000h\000t\000\040\000R\000O\000S\0001}{chapter.1}% 4
\BOOKMARK [1][-]{section.1.2}{\376\377\000D\000i\000e\000\040\000f\000\374\000n\000f\000\040\000K\000o\000m\000m\000u\000n\000i\000k\000a\000t\000i\000o\000n\000s\000p\000r\000i\000m\000i\000t\000i\000v\000e}{chapter.1}% 5
\BOOKMARK [1][-]{section.1.3}{\376\377\000Q\000o\000S\000\040\040\023\000\040\000Q\000u\000a\000l\000i\000t\000y\000\040\000o\000f\000\040\000S\000e\000r\000v\000i\000c\000e}{chapter.1}% 6
\BOOKMARK [1][-]{section.1.4}{\376\377\000W\000o\000r\000k\000s\000p\000a\000c\000e\000,\000\040\000P\000a\000k\000e\000t\000e\000,\000\040\000B\000u\000i\000l\000d}{chapter.1}% 7
\BOOKMARK [1][-]{section.1.5}{\376\377\000T\000F\0002\000\040\040\023\000\040\000d\000e\000r\000\040\000T\000r\000a\000n\000s\000f\000o\000r\000m\000a\000t\000i\000o\000n\000s\000b\000a\000u\000m}{chapter.1}% 8
\BOOKMARK [1][-]{section.1.6}{\376\377\000W\000i\000c\000h\000t\000i\000g\000e\000\040\000C\000L\000I\000-\000W\000e\000r\000k\000z\000e\000u\000g\000e}{chapter.1}% 9
\BOOKMARK [0][-]{chapter.2}{\376\377\000Z\000u\000s\000t\000a\000n\000d\000s\000s\000c\000h\000\344\000t\000z\000u\000n\000g\000:\000\040\000K\000a\000l\000m\000a\000n\000-\000F\000i\000l\000t\000e\000r\000\040\000u\000n\000d\000\040\000E\000K\000F}{part.1}% 10
\BOOKMARK [1][-]{section.2.1}{\376\377\000D\000a\000s\000\040\000G\000r\000u\000n\000d\000p\000r\000o\000b\000l\000e\000m}{chapter.2}% 11
\BOOKMARK [1][-]{section.2.2}{\376\377\000L\000i\000n\000e\000a\000r\000e\000s\000\040\000Z\000u\000s\000t\000a\000n\000d\000s\000r\000a\000u\000m\000m\000o\000d\000e\000l\000l}{chapter.2}% 12
\BOOKMARK [1][-]{section.2.3}{\376\377\000D\000i\000e\000\040\000z\000w\000e\000i\000\040\000P\000h\000a\000s\000e\000n}{chapter.2}% 13
\BOOKMARK [1][-]{section.2.4}{\376\377\000E\000x\000t\000e\000n\000d\000e\000d\000\040\000K\000a\000l\000m\000a\000n\000\040\000F\000i\000l\000t\000e\000r\000\040\000\050\000E\000K\000F\000\051}{chapter.2}% 14
\BOOKMARK [1][-]{section.2.5}{\376\377\000A\000n\000w\000e\000n\000d\000u\000n\000g\000\040\000T\000i\000s\000c\000h\000t\000e\000n\000n\000i\000s\000b\000a\000l\000l\000\040\000\050\000k\000o\000n\000s\000t\000a\000n\000t\000e\000\040\000B\000e\000s\000c\000h\000l\000e\000u\000n\000i\000g\000u\000n\000g\000\051}{chapter.2}% 15
\BOOKMARK [0][-]{chapter.3}{\376\377\000O\000d\000o\000m\000e\000t\000r\000i\000e\000\040\000u\000n\000d\000\040\000S\000e\000n\000s\000o\000r\000f\000u\000s\000i\000o\000n}{part.1}% 16
\BOOKMARK [0][-]{chapter.4}{\376\377\000S\000t\000e\000r\000e\000o\000s\000e\000h\000e\000n\000\040\000u\000n\000d\000\040\000M\000e\000r\000k\000m\000a\000l\000s\000e\000r\000k\000e\000n\000n\000u\000n\000g}{part.1}% 17
\BOOKMARK [1][-]{section.4.1}{\376\377\000L\000o\000c\000h\000k\000a\000m\000e\000r\000a\000m\000o\000d\000e\000l\000l\000\040\000u\000n\000d\000\040\000T\000i\000e\000f\000e\000\040\000a\000u\000s\000\040\000D\000i\000s\000p\000a\000r\000i\000t\000\344\000t}{chapter.4}% 18
\BOOKMARK [1][-]{section.4.2}{\376\377\000K\000a\000l\000i\000b\000r\000i\000e\000r\000u\000n\000g}{chapter.4}% 19
\BOOKMARK [1][-]{section.4.3}{\376\377\000M\000e\000r\000k\000m\000a\000l\000s\000e\000r\000k\000e\000n\000n\000u\000n\000g\000\040\000o\000h\000n\000e\000\040\000e\000i\000g\000e\000n\000e\000s\000\040\000K\000I\000-\000T\000r\000a\000i\000n\000i\000n\000g}{chapter.4}% 20
\BOOKMARK [1][-]{section.4.4}{\376\377\000P\000o\000s\000e\000n\000s\000c\000h\000\344\000t\000z\000u\000n\000g\000\040\040\023\000\040\0006\000D\000-\000L\000a\000g\000e\000\040\000e\000i\000n\000e\000s\000\040\000B\000a\000u\000t\000e\000i\000l\000s}{chapter.4}% 21
\BOOKMARK [0][-]{chapter.5}{\376\377\0006\000-\000D\000o\000F\000-\000P\000o\000s\000e\000n\000s\000c\000h\000\344\000t\000z\000u\000n\000g\000\040\000m\000i\000t\000\040\000g\000e\000l\000e\000r\000n\000t\000e\000n\000\040\000S\000u\000r\000f\000a\000c\000e\000\040\000E\000m\000b\000e\000d\000d\000i\000n\000g\000s}{part.1}% 22
\BOOKMARK [1][-]{section.5.1}{\376\377\000D\000a\000s\000\040\000P\000r\000o\000b\000l\000e\000m\000:\000\040\000s\000e\000c\000h\000s\000\040\000F\000r\000e\000i\000h\000e\000i\000t\000s\000g\000r\000a\000d\000e}{chapter.5}% 23
\BOOKMARK [1][-]{section.5.2}{\376\377\000R\000o\000t\000a\000t\000i\000o\000n\000s\000r\000e\000p\000r\000\344\000s\000e\000n\000t\000a\000t\000i\000o\000n\000e\000n}{chapter.5}% 24
\BOOKMARK [1][-]{section.5.3}{\376\377\000W\000a\000r\000u\000m\000\040\000g\000e\000l\000e\000r\000n\000t\000e\000\040\000E\000m\000b\000e\000d\000d\000i\000n\000g\000s\000\040\000s\000t\000a\000t\000t\000\040\000R\000e\000g\000r\000e\000s\000s\000i\000o\000n}{chapter.5}% 25
\BOOKMARK [1][-]{section.5.4}{\376\377\000K\000o\000n\000t\000r\000a\000s\000t\000i\000v\000e\000s\000\040\000L\000e\000r\000n\000e\000n\000\040\000d\000e\000r\000\040\000E\000m\000b\000e\000d\000d\000i\000n\000g\000s}{chapter.5}% 26
\BOOKMARK [1][-]{section.5.5}{\376\377\000D\000a\000s\000\040\000T\000w\000o\000-\000T\000o\000w\000e\000r\000-\000M\000o\000d\000e\000l\000l\000\040\000\050\000Q\000u\000e\000r\000y\040\023\000K\000e\000y\000\051}{chapter.5}% 27
\BOOKMARK [1][-]{section.5.6}{\376\377\000V\000o\000n\000\040\000K\000o\000r\000r\000e\000s\000p\000o\000n\000d\000e\000n\000z\000e\000n\000\040\000z\000u\000r\000\040\000P\000o\000s\000e\000:\000\040\000P\000n\000P\000\040\000+\000\040\000R\000A\000N\000S\000A\000C}{chapter.5}% 28
\BOOKMARK [1][-]{section.5.7}{\376\377\000R\000e\000g\000i\000s\000t\000r\000i\000e\000r\000u\000n\000g\000:\000\040\000g\000r\000o\000b\000\040\000u\000n\000d\000\040\000f\000e\000i\000n}{chapter.5}% 29
\BOOKMARK [1][-]{section.5.8}{\376\377\000P\000u\000n\000k\000t\000w\000o\000l\000k\000e\000n\000-\000N\000e\000t\000z\000e\000:\000\040\000P\000o\000i\000n\000t\000N\000e\000t\000\040\000u\000n\000d\000\040\000P\000o\000i\000n\000t\000N\000e\000t\000+\000+}{chapter.5}% 30
\BOOKMARK [1][-]{section.5.9}{\376\377\000S\000t\000e\000r\000e\000o\000,\000\040\000T\000i\000e\000f\000e\000\040\000u\000n\000d\000\040\000S\000k\000a\000l\000i\000e\000r\000u\000n\000g}{chapter.5}% 31
\BOOKMARK [1][-]{section.5.10}{\376\377\000Z\000e\000i\000t\000l\000i\000c\000h\000e\000\040\000K\000o\000n\000s\000i\000s\000t\000e\000n\000z\000:\000\040\000K\000a\000l\000m\000a\000n\000-\000P\000o\000s\000e\000-\000T\000r\000a\000c\000k\000i\000n\000g}{chapter.5}% 32
\BOOKMARK [1][-]{section.5.11}{\376\377\000S\000i\000m\000-\000t\000o\000-\000R\000e\000a\000l\000\040\000u\000n\000d\000\040\000T\000r\000a\000i\000n\000i\000n\000g\000s\000d\000a\000t\000e\000n}{chapter.5}% 33
\BOOKMARK [1][-]{section.5.12}{\376\377\000B\000e\000n\000c\000h\000m\000a\000r\000k\000i\000n\000g\000\040\000u\000n\000d\000\040\000M\000e\000t\000r\000i\000k\000e\000n}{chapter.5}% 34
\BOOKMARK [0][-]{chapter.6}{\376\377\000K\000i\000n\000e\000m\000a\000t\000i\000k\000,\000\040\000D\000y\000n\000a\000m\000i\000k\000\040\000u\000n\000d\000\040\000T\000r\000a\000j\000e\000k\000t\000o\000r\000i\000e\000n}{part.1}% 35
\BOOKMARK [1][-]{section.6.1}{\376\377\000V\000o\000r\000w\000\344\000r\000t\000s\000k\000i\000n\000e\000m\000a\000t\000i\000k}{chapter.6}% 36
\BOOKMARK [1][-]{section.6.2}{\376\377\000I\000n\000v\000e\000r\000s\000e\000\040\000K\000i\000n\000e\000m\000a\000t\000i\000k}{chapter.6}% 37
\BOOKMARK [1][-]{section.6.3}{\376\377\000D\000y\000n\000a\000m\000i\000k}{chapter.6}% 38
\BOOKMARK [1][-]{section.6.4}{\376\377\000T\000r\000a\000j\000e\000k\000t\000o\000r\000i\000e\000n\000p\000l\000a\000n\000u\000n\000g}{chapter.6}% 39
\BOOKMARK [0][-]{chapter.7}{\376\377\000S\000c\000h\000r\000i\000t\000t\000m\000o\000t\000o\000r\000e\000n\000\040\000u\000n\000d\000\040\000D\000r\000e\000h\000m\000o\000m\000e\000n\000t\000s\000c\000h\000\344\000t\000z\000u\000n\000g}{part.1}% 40
\BOOKMARK [1][-]{section.7.1}{\376\377\000N\000E\000M\000A\000-\0001\0007\000-\000G\000r\000u\000n\000d\000l\000a\000g\000e\000n}{chapter.7}% 41
\BOOKMARK [1][-]{section.7.2}{\376\377\000I\000n\000d\000i\000r\000e\000k\000t\000e\000\040\000D\000r\000e\000h\000m\000o\000m\000e\000n\000t\000s\000c\000h\000\344\000t\000z\000u\000n\000g}{chapter.7}% 42
\BOOKMARK [0][-]{chapter.8}{\376\377\000Z\000y\000k\000l\000o\000i\000d\000g\000e\000t\000r\000i\000e\000b\000e}{part.1}% 43
\BOOKMARK [-1][-]{part.2}{\376\377\000I\000I\000\040\000H\000a\000r\000d\000w\000a\000r\000e\000-\000A\000u\000s\000w\000a\000h\000l}{}% 44
\BOOKMARK [0][-]{chapter.9}{\376\377\000K\000o\000m\000p\000o\000n\000e\000n\000t\000e\000n\000\040\000i\000m\000\040\000g\000\374\000n\000s\000t\000i\000g\000e\000n\000\040\000H\000o\000b\000b\000y\000-\000B\000e\000r\000e\000i\000c\000h}{part.2}% 45
\BOOKMARK [1][-]{section.9.1}{\376\377\000S\000c\000h\000r\000i\000t\000t\000m\000o\000t\000o\000r\000\040\000u\000n\000d\000\040\000T\000r\000e\000i\000b\000e\000r}{chapter.9}% 46
\BOOKMARK [1][-]{section.9.2}{\376\377\000R\000e\000c\000h\000e\000n\000e\000i\000n\000h\000e\000i\000t\000e\000n}{chapter.9}% 47
\BOOKMARK [1][-]{section.9.3}{\376\377\000S\000t\000e\000r\000e\000o\000k\000a\000m\000e\000r\000a}{chapter.9}% 48
\BOOKMARK [0][-]{chapter.10}{\376\377\000O\000p\000t\000i\000m\000i\000e\000r\000u\000n\000g\000s\000p\000o\000t\000e\000n\000z\000i\000a\000l\000\040\000f\000\374\000r\000\040\000e\000i\000n\000\040\000e\000i\000g\000e\000n\000e\000s\000\040\000P\000C\000B}{part.2}% 49
\BOOKMARK [-1][-]{part.3}{\376\377\000I\000I\000I\000\040\000S\000o\000f\000t\000w\000a\000r\000e\000-\000S\000e\000t\000u\000p\000:\000\040\000V\000M\000,\000\040\000L\000i\000n\000u\000x\000,\000\040\000R\000O\000S\0002}{}% 50
\BOOKMARK [0][-]{chapter.11}{\376\377\000B\000e\000t\000r\000i\000e\000b\000s\000s\000y\000s\000t\000e\000m\000\040\000u\000n\000d\000\040\000D\000i\000s\000t\000r\000i\000b\000u\000t\000i\000o\000n}{part.3}% 51
\BOOKMARK [1][-]{section.11.1}{\376\377\000D\000i\000s\000t\000r\000i\000b\000u\000t\000i\000o\000n\000s\000w\000a\000h\000l\000\040\000\050\000S\000t\000a\000n\000d\000\040\000J\000u\000n\000i\000\040\0002\0000\0002\0006\000\051}{chapter.11}% 52
\BOOKMARK [1][-]{section.11.2}{\376\377\000V\000M\000,\000\040\000D\000u\000a\000l\000-\000B\000o\000o\000t\000\040\000o\000d\000e\000r\000\040\000W\000S\000L\0002\000?}{chapter.11}% 53
\BOOKMARK [0][-]{chapter.12}{\376\377\000R\000O\000S\0002\000\040\000i\000n\000s\000t\000a\000l\000l\000i\000e\000r\000e\000n\000\040\040\023\000\040\000S\000c\000h\000r\000i\000t\000t\000\040\000f\000\374\000r\000\040\000S\000c\000h\000r\000i\000t\000t}{part.3}% 54
\BOOKMARK [1][-]{section.12.1}{\376\377\000P\000a\000k\000e\000t\000e\000,\000\040\000d\000i\000e\000\040\000d\000u\000\040\000f\000\374\000r\000\040\000d\000i\000e\000\040\000P\000r\000o\000j\000e\000k\000t\000e\000\040\000b\000r\000a\000u\000c\000h\000s\000t}{chapter.12}% 55
\BOOKMARK [-1][-]{part.4}{\376\377\000I\000V\000\040\000S\000i\000m\000u\000l\000a\000t\000i\000o\000n\000\040\000u\000n\000d\000\040\000d\000e\000r\000\040\000W\000e\000g\000\040\000v\000o\000m\000\040\000C\000A\000D\000-\000M\000o\000d\000e\000l\000l\000\040\000z\000u\000r\000\040\000R\000e\000a\000l\000i\000t\000\344\000t}{}% 56
\BOOKMARK [0][-]{chapter.13}{\376\377\000S\000i\000m\000u\000l\000a\000t\000i\000o\000n\000s\000w\000e\000r\000k\000z\000e\000u\000g\000e\000\040\000i\000m\000\040\000R\000O\000S\0002\000-\000\326\000k\000o\000s\000y\000s\000t\000e\000m}{part.4}% 57
\BOOKMARK [1][-]{section.13.1}{\376\377\000W\000a\000s\000\040\000l\000\344\000s\000s\000t\000\040\000s\000i\000c\000h\000\040\000v\000o\000r\000a\000b\000\040\000s\000i\000m\000u\000l\000i\000e\000r\000e\000n\000?}{chapter.13}% 58
\BOOKMARK [1][-]{section.13.2}{\376\377\000M\000u\000J\000o\000C\000o\000\040\000u\000n\000d\000\040\000I\000s\000a\000a\000c\000\040\000S\000i\000m\000\040\000i\000m\000\040\000D\000e\000t\000a\000i\000l}{chapter.13}% 59
\BOOKMARK [2][-]{subsection.13.2.1}{\376\377\000M\000u\000J\000o\000C\000o\000\040\040\023\000\040\000M\000u\000l\000t\000i\000-\000J\000o\000i\000n\000t\000\040\000d\000y\000n\000a\000m\000i\000c\000s\000\040\000w\000i\000t\000h\000\040\000C\000o\000n\000t\000a\000c\000t}{section.13.2}% 60
\BOOKMARK [2][-]{subsection.13.2.2}{\376\377\000N\000V\000I\000D\000I\000A\000\040\000I\000s\000a\000a\000c\000\040\000S\000i\000m\000\040\040\023\000\040\000p\000h\000o\000t\000o\000r\000e\000a\000l\000i\000s\000t\000i\000s\000c\000h\000\040\000u\000n\000d\000\040\000G\000P\000U\000-\000p\000a\000r\000a\000l\000l\000e\000l}{section.13.2}% 61
\BOOKMARK [1][-]{section.13.3}{\376\377\000L\000a\000s\000s\000e\000n\000\040\000s\000i\000e\000\040\000s\000i\000c\000h\000\040\000i\000n\000t\000e\000g\000r\000i\000e\000r\000t\000\040\000e\000i\000n\000s\000e\000t\000z\000e\000n\000?}{chapter.13}% 62
\BOOKMARK [0][-]{chapter.14}{\376\377\000W\000o\000\040\000s\000i\000c\000h\000\040\000S\000i\000m\000u\000l\000a\000t\000i\000o\000n\000\040\000u\000n\000d\000\040\000r\000e\000a\000l\000e\000\040\000I\000m\000p\000l\000e\000m\000e\000n\000t\000i\000e\000r\000u\000n\000g\000\040\000t\000r\000e\000n\000n\000e\000n}{part.4}% 63
\BOOKMARK [0][-]{chapter.15}{\376\377\000V\000o\000r\000a\000b\000s\000c\000h\000r\000i\000t\000t\000e\000:\000\040\000v\000o\000m\000\040\000C\000A\000D\000-\000M\000o\000d\000e\000l\000l\000\040\000z\000u\000r\000\040\000S\000i\000m\000u\000l\000a\000t\000i\000o\000n}{part.4}% 64
\BOOKMARK [1][-]{section.15.1}{\376\377\000G\000e\000t\000r\000e\000n\000n\000t\000e\000\040\000S\000T\000L\000-\000E\000x\000p\000o\000r\000t\000e\000\040\000p\000r\000o\000\040\000G\000e\000l\000e\000n\000k}{chapter.15}% 65
\BOOKMARK [1][-]{section.15.2}{\376\377\000G\000e\000l\000e\000n\000k\000t\000y\000p\000e\000n}{chapter.15}% 66
\BOOKMARK [1][-]{section.15.3}{\376\377\000G\000e\000t\000r\000i\000e\000b\000e\000\374\000b\000e\000r\000s\000e\000t\000z\000u\000n\000g\000\040\000i\000n\000\040\000r\000o\000s\0002\000\137\000c\000o\000n\000t\000r\000o\000l}{chapter.15}% 67
\BOOKMARK [-1][-]{part.5}{\376\377\000V\000\040\000D\000i\000e\000\040\000v\000i\000e\000r\000\040\000P\000r\000o\000j\000e\000k\000t\000e\000:\000\040\000A\000r\000c\000h\000i\000t\000e\000k\000t\000u\000r\000\040\000u\000n\000d\000\040\000r\000q\000t\000\137\000g\000r\000a\000p\000h}{}% 68
\BOOKMARK [0][-]{chapter.16}{\376\377\000P\000r\000o\000j\000e\000k\000t\000\040\0001\000\040\040\023\000\040\000S\000t\000e\000p\000p\000e\000r\000-\000R\000o\000b\000o\000t\000e\000r\000\040\000m\000i\000t\000\040\000T\000r\000a\000j\000e\000k\000t\000o\000r\000i\000e\000n\000b\000e\000f\000e\000h\000l\000\040\000v\000o\000m\000\040\000P\000C}{part.5}% 69
\BOOKMARK [1][-]{section.16.1}{\376\377\000R\000O\000S\0002\000-\000B\000a\000u\000s\000t\000e\000i\000n\000e}{chapter.16}% 70
\BOOKMARK [1][-]{section.16.2}{\376\377\000r\000q\000t\000\137\000g\000r\000a\000p\000h\000\040\000\050\000v\000e\000r\000e\000i\000n\000f\000a\000c\000h\000t\000\051}{chapter.16}% 71
\BOOKMARK [0][-]{chapter.17}{\376\377\000P\000r\000o\000j\000e\000k\000t\000\040\0002\000\040\040\023\000\040\000T\000i\000s\000c\000h\000t\000e\000n\000n\000i\000s\000r\000o\000b\000o\000t\000e\000r}{part.5}% 72
\BOOKMARK [1][-]{section.17.1}{\376\377\000R\000O\000S\0002\000-\000B\000a\000u\000s\000t\000e\000i\000n\000e}{chapter.17}% 73
\BOOKMARK [1][-]{section.17.2}{\376\377\000r\000q\000t\000\137\000g\000r\000a\000p\000h\000\040\000\050\000v\000e\000r\000e\000i\000n\000f\000a\000c\000h\000t\000\051}{chapter.17}% 74
\BOOKMARK [0][-]{chapter.18}{\376\377\000P\000r\000o\000j\000e\000k\000t\000\040\0003\000\040\040\023\000\040\000M\000o\000b\000i\000l\000e\000r\000\040\000R\000o\000b\000o\000t\000e\000r\000:\000\040\000O\000d\000o\000m\000e\000t\000r\000i\000e\000,\000\040\000N\000a\000v\000i\000g\000a\000t\000i\000o\000n\000,\000\040\000B\000e\000w\000e\000g\000u\000n\000g\000s\000e\000r\000k\000e\000n\000n\000u\000n\000g}{part.5}% 75
\BOOKMARK [1][-]{section.18.1}{\376\377\000R\000O\000S\0002\000-\000B\000a\000u\000s\000t\000e\000i\000n\000e}{chapter.18}% 76
\BOOKMARK [0][-]{chapter.19}{\376\377\000P\000r\000o\000j\000e\000k\000t\000\040\0004\000\040\040\023\000\040\000C\000A\000D\000-\000b\000a\000s\000i\000e\000r\000t\000e\000\040\000P\000o\000s\000e\000n\000e\000r\000k\000e\000n\000n\000u\000n\000g\000\040\000u\000n\000d\000\040\000G\000r\000e\000i\000f\000e\000n}{part.5}% 77
\BOOKMARK [1][-]{section.19.1}{\376\377\000R\000O\000S\0002\000-\000B\000a\000u\000s\000t\000e\000i\000n\000e}{chapter.19}% 78
\BOOKMARK [1][-]{section.19.2}{\376\377\000Z\000w\000e\000i\000\040\000W\000e\000g\000e\000\040\000z\000u\000r\000\040\0006\000D\000-\000P\000o\000s\000e}{chapter.19}% 79
\BOOKMARK [1][-]{section.19.3}{\376\377\000I\000n\000f\000e\000r\000e\000n\000z\000-\000P\000i\000p\000e\000l\000i\000n\000e\000\040\000\050\000l\000e\000r\000n\000b\000a\000s\000i\000e\000r\000t\000\051}{chapter.19}% 80
\BOOKMARK [1][-]{section.19.4}{\376\377\000S\000t\000e\000r\000e\000o\000\040\000a\000l\000s\000\040\000m\000e\000t\000r\000i\000s\000c\000h\000e\000\040\000S\000k\000a\000l\000a}{chapter.19}% 81
\BOOKMARK [1][-]{section.19.5}{\376\377\000B\000e\000w\000e\000g\000t\000e\000\040\000T\000e\000i\000l\000e\000:\000\040\000P\000o\000s\000e\000-\000T\000r\000a\000c\000k\000i\000n\000g\000\040\000m\000i\000t\000\040\000K\000a\000l\000m\000a\000n}{chapter.19}% 82
\BOOKMARK [1][-]{section.19.6}{\376\377\000H\000y\000p\000e\000r\000p\000a\000r\000a\000m\000e\000t\000e\000r\000\040\000u\000n\000d\000\040\000E\000v\000a\000l\000u\000a\000t\000i\000o\000n}{chapter.19}% 83
\BOOKMARK [-1][-]{part.6}{\376\377\000V\000I\000\040\000S\000t\000e\000r\000e\000o\000k\000a\000m\000e\000r\000a\000\040\000i\000n\000\040\000R\000O\000S\0002\000\040\040\023\000\040\000P\000r\000a\000x\000i\000s\000\040\000m\000i\000t\000\040\000C\000o\000d\000e}{}% 84
\BOOKMARK [0][-]{chapter.20}{\376\377\000K\000a\000m\000e\000r\000a\000\040\000a\000n\000b\000i\000n\000d\000e\000n\000,\000\040\000F\000r\000a\000m\000e\000\040\000s\000p\000l\000i\000t\000t\000e\000n}{part.6}% 85
\BOOKMARK [0][-]{chapter.21}{\376\377\000K\000a\000l\000i\000b\000r\000i\000e\000r\000e\000n\000\040\000u\000n\000d\000\040\000T\000i\000e\000f\000e\000\040\000e\000r\000z\000e\000u\000g\000e\000n}{part.6}% 86
\BOOKMARK [0][-]{chapter.22}{\376\377\000K\000a\000l\000m\000a\000n\000-\000F\000i\000l\000t\000e\000r\000-\000K\000n\000o\000t\000e\000n\000\040\000\050\000B\000a\000l\000l\000v\000e\000r\000f\000o\000l\000g\000u\000n\000g\000\051}{part.6}% 87
\BOOKMARK [0][-]{chapter.23}{\376\377\000M\000e\000r\000k\000m\000a\000l\000s\000e\000r\000k\000e\000n\000n\000u\000n\000g\000\040\000o\000h\000n\000e\000\040\000K\000I\000-\000T\000r\000a\000i\000n\000i\000n\000g}{part.6}% 88
\BOOKMARK [0][-]{chapter.24}{\376\377\000E\000c\000h\000t\000z\000e\000i\000t\000-\000S\000t\000e\000r\000e\000o\000v\000e\000r\000a\000r\000b\000e\000i\000t\000u\000n\000g\000:\000\040\000S\000c\000h\000e\000d\000u\000l\000i\000n\000g\000,\000\040\000F\000r\000a\000m\000e\000-\000D\000r\000o\000p\000p\000i\000n\000g\000\040\000u\000n\000d\000\040\000Z\000u\000s\000t\000a\000n\000d\000s\000a\000u\000t\000o\000m\000a\000t}{part.6}% 89
\BOOKMARK [1][-]{section.24.1}{\376\377\000D\000a\000s\000\040\000Z\000e\000i\000t\000b\000u\000d\000g\000e\000t\000\040\000e\000i\000n\000e\000s\000\040\000F\000r\000a\000m\000e\000s}{chapter.24}% 90
\BOOKMARK [1][-]{section.24.2}{\376\377\000F\000r\000a\000m\000e\000-\000D\000r\000o\000p\000p\000i\000n\000g\000:\000\040\000D\000D\000S\000\040\000m\000a\000c\000h\000t\000\040\000d\000i\000e\000\040\000A\000r\000b\000e\000i\000t}{chapter.24}% 91
\BOOKMARK [1][-]{section.24.3}{\376\377\000S\000c\000h\000e\000d\000u\000l\000i\000n\000g\000:\000\040\000E\000x\000e\000c\000u\000t\000o\000r\000\040\000u\000n\000d\000\040\000C\000a\000l\000l\000b\000a\000c\000k\000-\000G\000r\000u\000p\000p\000e\000n}{chapter.24}% 92
\BOOKMARK [1][-]{section.24.4}{\376\377\000A\000b\000l\000a\000u\000f\000l\000o\000g\000i\000k\000\040\000a\000l\000s\000\040\000Z\000u\000s\000t\000a\000n\000d\000s\000a\000u\000t\000o\000m\000a\000t}{chapter.24}% 93
\BOOKMARK [-1][-]{part.7}{\376\377\000V\000I\000I\000\040\000T\000i\000s\000c\000h\000t\000e\000n\000n\000i\000s\000r\000o\000b\000o\000t\000e\000r\000:\000\040\000M\000e\000c\000h\000a\000n\000i\000k\000,\000\040\000K\000a\000m\000e\000r\000a\000-\000A\000r\000c\000h\000i\000t\000e\000k\000t\000u\000r\000\040\000u\000n\000d\000\040\000C\000A\000D\000/\000U\000R\000D\000F}{}% 94
\BOOKMARK [0][-]{chapter.25}{\376\377\000K\000a\000m\000e\000r\000a\000-\000A\000r\000c\000h\000i\000t\000e\000k\000t\000u\000r\000\040\040\023\000\040\000w\000o\000\040\000w\000i\000r\000d\000\040\000g\000e\000r\000e\000c\000h\000n\000e\000t\000?}{part.7}% 95
\BOOKMARK [1][-]{section.25.1}{\376\377\000D\000i\000e\000\040\000B\000a\000n\000d\000b\000r\000e\000i\000t\000e\000n\000r\000e\000c\000h\000n\000u\000n\000g\000\040\000e\000n\000t\000s\000c\000h\000e\000i\000d\000e\000t}{chapter.25}% 96
\BOOKMARK [1][-]{section.25.2}{\376\377\000V\000e\000r\000d\000i\000k\000t\000\040\000p\000r\000o\000\040\000P\000l\000a\000t\000t\000f\000o\000r\000m}{chapter.25}% 97
\BOOKMARK [1][-]{section.25.3}{\376\377\000S\000p\000a\000r\000s\000e\000\040\000s\000t\000a\000t\000t\000\040\000d\000e\000n\000s\000e\000:\000\040\000d\000e\000r\000\040\000B\000a\000l\000l\000\040\000b\000r\000a\000u\000c\000h\000t\000\040\000k\000e\000i\000n\000e\000\040\000v\000o\000l\000l\000e\000\040\000T\000i\000e\000f\000e\000n\000k\000a\000r\000t\000e}{chapter.25}% 98
\BOOKMARK [1][-]{section.25.4}{\376\377\000R\000O\000S\000-\000S\000e\000r\000v\000i\000c\000e\000,\000\040\000U\000D\000P\000\040\000o\000d\000e\000r\000\040\000T\000o\000p\000i\000c\000?}{chapter.25}% 99
\BOOKMARK [0][-]{chapter.26}{\376\377\000M\000e\000c\000h\000a\000n\000i\000s\000c\000h\000e\000r\000\040\000A\000u\000f\000b\000a\000u\000:\000\040\000P\000o\000r\000t\000a\000l\000s\000y\000s\000t\000e\000m\000\040\000\050\000G\000a\000n\000t\000r\000y\000\051}{part.7}% 100
\BOOKMARK [1][-]{section.26.1}{\376\377\000G\000r\000u\000n\000d\000k\000o\000n\000z\000e\000p\000t}{chapter.26}% 101
\BOOKMARK [1][-]{section.26.2}{\376\377\000G\000e\000s\000c\000h\000a\000c\000h\000t\000e\000l\000t\000e\000\040\000A\000c\000h\000s\000e\000n}{chapter.26}% 102
\BOOKMARK [1][-]{section.26.3}{\376\377\000A\000n\000t\000r\000i\000e\000b\000s\000t\000o\000p\000o\000l\000o\000g\000i\000e\000\040\000u\000n\000d\000\040\000H\000a\000r\000d\000w\000a\000r\000e\000-\000A\000n\000s\000c\000h\000l\000u\000s\000s}{chapter.26}% 103
\BOOKMARK [0][-]{chapter.27}{\376\377\000D\000a\000s\000\040\000H\000e\000b\000e\000l\000a\000r\000m\000-\000\040\000u\000n\000d\000\040\000S\000c\000h\000w\000i\000n\000g\000u\000n\000g\000s\000p\000r\000o\000b\000l\000e\000m}{part.7}% 104
\BOOKMARK [1][-]{section.27.1}{\376\377\000D\000i\000e\000\040\000P\000h\000y\000s\000i\000k}{chapter.27}% 105
\BOOKMARK [1][-]{section.27.2}{\376\377\000G\000e\000g\000e\000n\000m\000a\000\337\000n\000a\000h\000m\000e\000n}{chapter.27}% 106
\BOOKMARK [0][-]{chapter.28}{\376\377\000S\000i\000m\000u\000l\000i\000e\000r\000b\000a\000r\000k\000e\000i\000t\000\040\000i\000n\000\040\000G\000a\000z\000e\000b\000o\000\040\000u\000n\000d\000\040\000R\000V\000i\000z}{part.7}% 107
\BOOKMARK [1][-]{section.28.1}{\376\377\000W\000a\000s\000\040\000G\000a\000z\000e\000b\000o\000\040\000k\000a\000n\000n\000\040\040\023\000\040\000u\000n\000d\000\040\000w\000a\000s\000\040\000n\000i\000c\000h\000t}{chapter.28}% 108
\BOOKMARK [1][-]{section.28.2}{\376\377\000W\000e\000g\000e\000,\000\040\000d\000i\000e\000\040\000N\000a\000c\000h\000g\000i\000e\000b\000i\000g\000k\000e\000i\000t\000\040\000d\000o\000c\000h\000\040\000a\000b\000z\000u\000b\000i\000l\000d\000e\000n}{chapter.28}% 109
\BOOKMARK [0][-]{chapter.29}{\376\377\000C\000A\000D\000-\000M\000o\000d\000u\000l\000e\000\040\000u\000n\000d\000\040\000U\000R\000D\000F}{part.7}% 110
\BOOKMARK [1][-]{section.29.1}{\376\377\000N\000o\000t\000w\000e\000n\000d\000i\000g\000e\000\040\000C\000A\000D\000-\000M\000o\000d\000u\000l\000e\000\040\000m\000i\000t\000\040\000D\000e\000s\000i\000g\000n\000a\000n\000f\000o\000r\000d\000e\000r\000u\000n\000g\000e\000n}{chapter.29}% 111
\BOOKMARK [1][-]{section.29.2}{\376\377\000K\000i\000n\000e\000m\000a\000t\000i\000s\000c\000h\000e\000\040\000K\000e\000t\000t\000e}{chapter.29}% 112
\BOOKMARK [1][-]{section.29.3}{\376\377\000U\000R\000D\000F\000/\000X\000a\000c\000r\000o\000-\000G\000e\000r\000\374\000s\000t}{chapter.29}% 113
\BOOKMARK [-1][-]{part.8}{\376\377\000V\000I\000I\000I\000\040\000D\000o\000k\000u\000m\000e\000n\000t\000a\000t\000i\000o\000n\000s\000m\000e\000t\000h\000o\000d\000i\000k}{}% 114
\BOOKMARK [0][-]{chapter.30}{\376\377\000V\000o\000r\000g\000e\000h\000e\000n\000s\000w\000e\000i\000s\000e\000\040\000f\000e\000s\000t\000h\000a\000l\000t\000e\000n}{part.8}% 115
\BOOKMARK [0][-]{chapter*.3}{\376\377\000L\000i\000t\000e\000r\000a\000t\000u\000r\000v\000e\000r\000z\000e\000i\000c\000h\000n\000i\000s}{part.8}% 116
