This is pdfTeX, Version 3.141592653-2.6-1.40.29 (MiKTeX 26.2) (preloaded format=pdflatex 2026.4.4)  1 JUN 2026 16:26
entering extended mode
 restricted \write18 enabled.
 file:line:error style messages enabled.
 %&-line parsing enabled.
**c:/Users/_Innos_Zorn_/Desktop/robotic_project/Ros2_Projects/ros2_handbuch/main.tex
(c:/Users/_Innos_Zorn_/Desktop/robotic_project/Ros2_Projects/ros2_handbuch/main.tex
LaTeX2e <2025-11-01>
L3 programming layer <2026-01-19>
(C:\Users\_Innos_Zorn_\AppData\Local\Programs\MiKTeX\tex/latex/base\report.cls
Document Class: report 2025/01/22 v1.4n Standard LaTeX document class
(C:\Users\_Innos_Zorn_\AppData\Local\Programs\MiKTeX\tex/latex/base\size11.clo
File: size11.clo 2025/01/22 v1.4n Standard LaTeX file (size option)
)
\c@part=\count275
\c@chapter=\count276
\c@section=\count277
\c@subsection=\count278
\c@subsubsection=\count279
\c@paragraph=\count280
\c@subparagraph=\count281
\c@figure=\count282
\c@table=\count283
\abovecaptionskip=\skip49
\belowcaptionskip=\skip50
\bibindent=\dimen148
) (preamble.tex (C:\Users\_Innos_Zorn_\AppData\Local\Programs\MiKTeX\tex/latex/base\inputenc.sty
Package: inputenc 2024/02/08 v1.3d Input encoding file
\inpenc@prehook=\toks17
\inpenc@posthook=\toks18
) (C:\Users\_Innos_Zorn_\AppData\Local\Programs\MiKTeX\tex/latex/base\fontenc.sty
Package: fontenc 2025/07/18 v2.1d Standard LaTeX package
) (C:\Users\_Innos_Zorn_\AppData\Local\Programs\MiKTeX\tex/generic/babel\babel.sty
Package: babel 2026/03/24 v26.5 The multilingual framework for LuaLaTeX, pdfLaTeX and XeLaTeX
\babel@savecnt=\count284
LaTeX Encoding Info:    Redeclaring text command \ij (encoding OT1) on input line 2078.
LaTeX Encoding Info:    Redeclaring text command \IJ (encoding OT1) on input line 2080.
LaTeX Encoding Info:    Redeclaring text command \ij (encoding T1) on input line 2082.
LaTeX Encoding Info:    Redeclaring text command \IJ (encoding T1) on input line 2083.
LaTeX Encoding Info:    Ignoring declaration for text command \ij (encoding ?) on input line 2084.
LaTeX Encoding Info:    Ignoring declaration for text command \IJ (encoding ?) on input line 2086.
LaTeX Encoding Info:    Ignoring declaration for text command \SS (encoding ?) on input line 2111.
\U@D=\dimen149
\l@unhyphenated=\language79
 (C:\Users\_Innos_Zorn_\AppData\Local\Programs\MiKTeX\tex/generic/babel\txtbabel.def)
\bbl@readstream=\read2
\bbl@dirlevel=\count285
Package babel Info: Configuration files are deprecated, as
(babel)             they can break document portability.
(babel)             Reported on input line 4206.

*************************************
* Local config file bblopts.cfg used
*
(C:\Users\_Innos_Zorn_\AppData\Local\Programs\MiKTeX\tex/latex/arabi\bblopts.cfg
File: bblopts.cfg 2005/09/08 v0.1 add Arabic and Farsi to "declared" options of babel
) (C:\Users\_Innos_Zorn_\AppData\Local\Programs\MiKTeX\tex/generic/babel/locale/invalid\babel-ngerman.tex)
Package babel Info: Importing font and identification data for ngerman
(babel)             from babel-de.ini. Reported on input line 4330.
 (C:\Users\_Innos_Zorn_\AppData\Local\Programs\MiKTeX\tex/latex/babel-german\ngerman.ldf
Language: ngerman 
 (C:\Users\_Innos_Zorn_\AppData\Local\Programs\MiKTeX\tex/latex/babel-german\babel-german.def
Package babel Info: Making " an active character on input line 500.
))) (C:\Users\_Innos_Zorn_\AppData\Local\Programs\MiKTeX\tex/latex/lm\lmodern.sty
Package: lmodern 2015/05/01 v1.6.1 Latin Modern Fonts
LaTeX Font Info:    Overwriting symbol font `operators' in version `normal'
(Font)                  OT1/cmr/m/n --> OT1/lmr/m/n on input line 22.
LaTeX Font Info:    Overwriting symbol font `letters' in version `normal'
(Font)                  OML/cmm/m/it --> OML/lmm/m/it on input line 23.
LaTeX Font Info:    Overwriting symbol font `symbols' in version `normal'
(Font)                  OMS/cmsy/m/n --> OMS/lmsy/m/n on input line 24.
LaTeX Font Info:    Overwriting symbol font `largesymbols' in version `normal'
(Font)                  OMX/cmex/m/n --> OMX/lmex/m/n on input line 25.
LaTeX Font Info:    Overwriting symbol font `operators' in version `bold'
(Font)                  OT1/cmr/bx/n --> OT1/lmr/bx/n on input line 26.
LaTeX Font Info:    Overwriting symbol font `letters' in version `bold'
(Font)                  OML/cmm/b/it --> OML/lmm/b/it on input line 27.
LaTeX Font Info:    Overwriting symbol font `symbols' in version `bold'
(Font)                  OMS/cmsy/b/n --> OMS/lmsy/b/n on input line 28.
LaTeX Font Info:    Overwriting symbol font `largesymbols' in version `bold'
(Font)                  OMX/cmex/m/n --> OMX/lmex/m/n on input line 29.
LaTeX Font Info:    Overwriting math alphabet `\mathbf' in version `normal'
(Font)                  OT1/cmr/bx/n --> OT1/lmr/bx/n on input line 31.
LaTeX Font Info:    Overwriting math alphabet `\mathsf' in version `normal'
(Font)                  OT1/cmss/m/n --> OT1/lmss/m/n on input line 32.
LaTeX Font Info:    Overwriting math alphabet `\mathit' in version `normal'
(Font)                  OT1/cmr/m/it --> OT1/lmr/m/it on input line 33.
LaTeX Font Info:    Overwriting math alphabet `\mathtt' in version `normal'
(Font)                  OT1/cmtt/m/n --> OT1/lmtt/m/n on input line 34.
LaTeX Font Info:    Overwriting math alphabet `\mathbf' in version `bold'
(Font)                  OT1/cmr/bx/n --> OT1/lmr/bx/n on input line 35.
LaTeX Font Info:    Overwriting math alphabet `\mathsf' in version `bold'
(Font)                  OT1/cmss/bx/n --> OT1/lmss/bx/n on input line 36.
LaTeX Font Info:    Overwriting math alphabet `\mathit' in version `bold'
(Font)                  OT1/cmr/bx/it --> OT1/lmr/bx/it on input line 37.
LaTeX Font Info:    Overwriting math alphabet `\mathtt' in version `bold'
(Font)                  OT1/cmtt/m/n --> OT1/lmtt/m/n on input line 38.
) (C:\Users\_Innos_Zorn_\AppData\Local\Programs\MiKTeX\tex/latex/amsmath\amsmath.sty
Package: amsmath 2025/07/09 v2.17z AMS math features
\@mathmargin=\skip51

For additional information on amsmath, use the `?' option.
(C:\Users\_Innos_Zorn_\AppData\Local\Programs\MiKTeX\tex/latex/amsmath\amstext.sty
Package: amstext 2024/11/17 v2.01 AMS text
 (C:\Users\_Innos_Zorn_\AppData\Local\Programs\MiKTeX\tex/latex/amsmath\amsgen.sty
File: amsgen.sty 1999/11/30 v2.0 generic functions
\@emptytoks=\toks19
\ex@=\dimen150
)) (C:\Users\_Innos_Zorn_\AppData\Local\Programs\MiKTeX\tex/latex/amsmath\amsbsy.sty
Package: amsbsy 1999/11/29 v1.2d Bold Symbols
\pmbraise@=\dimen151
) (C:\Users\_Innos_Zorn_\AppData\Local\Programs\MiKTeX\tex/latex/amsmath\amsopn.sty
Package: amsopn 2022/04/08 v2.04 operator names
)
\inf@bad=\count286
LaTeX Info: Redefining \frac on input line 233.
\uproot@=\count287
\leftroot@=\count288
LaTeX Info: Redefining \overline on input line 398.
LaTeX Info: Redefining \colon on input line 409.
\classnum@=\count289
\DOTSCASE@=\count290
LaTeX Info: Redefining \ldots on input line 495.
LaTeX Info: Redefining \dots on input line 498.
LaTeX Info: Redefining \cdots on input line 619.
\Mathstrutbox@=\box53
\strutbox@=\box54
LaTeX Info: Redefining \big on input line 721.
LaTeX Info: Redefining \Big on input line 722.
LaTeX Info: Redefining \bigg on input line 723.
LaTeX Info: Redefining \Bigg on input line 724.
\big@size=\dimen152
LaTeX Font Info:    Redeclaring font encoding OML on input line 742.
LaTeX Font Info:    Redeclaring font encoding OMS on input line 743.
\macc@depth=\count291
LaTeX Info: Redefining \bmod on input line 904.
LaTeX Info: Redefining \pmod on input line 909.
LaTeX Info: Redefining \smash on input line 939.
LaTeX Info: Redefining \relbar on input line 969.
LaTeX Info: Redefining \Relbar on input line 970.
\c@MaxMatrixCols=\count292
\dotsspace@=\muskip17
\c@parentequation=\count293
\dspbrk@lvl=\count294
\tag@help=\toks20
\row@=\count295
\column@=\count296
\maxfields@=\count297
\andhelp@=\toks21
\eqnshift@=\dimen153
\alignsep@=\dimen154
\tagshift@=\dimen155
\tagwidth@=\dimen156
\totwidth@=\dimen157
\lineht@=\dimen158
\@envbody=\toks22
\multlinegap=\skip52
\multlinetaggap=\skip53
\mathdisplay@stack=\toks23
LaTeX Info: Redefining \[ on input line 2950.
LaTeX Info: Redefining \] on input line 2951.
) (C:\Users\_Innos_Zorn_\AppData\Local\Programs\MiKTeX\tex/latex/amsfonts\amssymb.sty
Package: amssymb 2013/01/14 v3.01 AMS font symbols
 (C:\Users\_Innos_Zorn_\AppData\Local\Programs\MiKTeX\tex/latex/amsfonts\amsfonts.sty
Package: amsfonts 2013/01/14 v3.01 Basic AMSFonts support
\symAMSa=\mathgroup4
\symAMSb=\mathgroup5
LaTeX Font Info:    Redeclaring math symbol \hbar on input line 98.
LaTeX Font Info:    Overwriting math alphabet `\mathfrak' in version `bold'
(Font)                  U/euf/m/n --> U/euf/b/n on input line 106.
)) (C:\Users\_Innos_Zorn_\AppData\Local\Programs\MiKTeX\tex/latex/tools\bm.sty
Package: bm 2025/10/21 v1.2g Bold Symbol Support (DPC/FMi)
\symboldoperators=\mathgroup6
\symboldletters=\mathgroup7
\symboldsymbols=\mathgroup8
Package bm Info: No bold for \OMX/lmex/m/n, using \pmb.
Package bm Info: No bold for \U/msa/m/n, using \pmb.
Package bm Info: No bold for \U/msb/m/n, using \pmb.
LaTeX Font Info:    Redeclaring math alphabet \mathbf on input line 149.
) (C:\Users\_Innos_Zorn_\AppData\Local\Programs\MiKTeX\tex/latex/geometry\geometry.sty
Package: geometry 2026/03/07 v6.0 Page Geometry
 (C:\Users\_Innos_Zorn_\AppData\Local\Programs\MiKTeX\tex/latex/graphics\keyval.sty
Package: keyval 2022/05/29 v1.15 key=value parser (DPC)
\KV@toks@=\toks24
) (C:\Users\_Innos_Zorn_\AppData\Local\Programs\MiKTeX\tex/generic/iftex\ifvtex.sty
Package: ifvtex 2019/10/25 v1.7 ifvtex legacy package. Use iftex instead.
 (C:\Users\_Innos_Zorn_\AppData\Local\Programs\MiKTeX\tex/generic/iftex\iftex.sty
Package: iftex 2024/12/12 v1.0g TeX engine tests
))
\Gm@cnth=\count298
\Gm@cntv=\count299
\c@Gm@tempcnt=\count300
\Gm@bindingoffset=\dimen159
\Gm@wd@mp=\dimen160
\Gm@odd@mp=\dimen161
\Gm@even@mp=\dimen162
\Gm@layoutwidth=\dimen163
\Gm@layoutheight=\dimen164
\Gm@layouthoffset=\dimen165
\Gm@layoutvoffset=\dimen166
\Gm@dimlist=\toks25
 (C:\Users\_Innos_Zorn_\AppData\Local\Programs\MiKTeX\tex/latex/geometry\geometry.cfg)) (C:\Users\_Innos_Zorn_\AppData\Local\Programs\MiKTeX\tex/latex/parskip\parskip.sty
Package: parskip 2021-03-14 v2.0h non-zero parskip adjustments
 (C:\Users\_Innos_Zorn_\AppData\Local\Programs\MiKTeX\tex/latex/kvoptions\kvoptions.sty
Package: kvoptions 2022-06-15 v3.15 Key value format for package options (HO)
 (C:\Users\_Innos_Zorn_\AppData\Local\Programs\MiKTeX\tex/generic/ltxcmds\ltxcmds.sty
Package: ltxcmds 2023-12-04 v1.26 LaTeX kernel commands for general use (HO)
) (C:\Users\_Innos_Zorn_\AppData\Local\Programs\MiKTeX\tex/latex/kvsetkeys\kvsetkeys.sty
Package: kvsetkeys 2022-10-05 v1.19 Key value parser (HO)
)) (C:\Users\_Innos_Zorn_\AppData\Local\Programs\MiKTeX\tex/latex/etoolbox\etoolbox.sty
Package: etoolbox 2025/10/02 v2.5m e-TeX tools for LaTeX (JAW)
\etb@tempcnta=\count301
)) (C:\Users\_Innos_Zorn_\AppData\Local\Programs\MiKTeX\tex/latex/enumitem\enumitem.sty
Package: enumitem 2025/02/06 v3.11 Customized lists
\labelindent=\skip54
\enit@outerparindent=\dimen167
\enit@toks=\toks26
\enit@inbox=\box55
\enit@count@id=\count302
\enitdp@description=\count303
) (C:\Users\_Innos_Zorn_\AppData\Local\Programs\MiKTeX\tex/latex/booktabs\booktabs.sty
Package: booktabs 2020/01/12 v1.61803398 Publication quality tables
\heavyrulewidth=\dimen168
\lightrulewidth=\dimen169
\cmidrulewidth=\dimen170
\belowrulesep=\dimen171
\belowbottomsep=\dimen172
\aboverulesep=\dimen173
\abovetopsep=\dimen174
\cmidrulesep=\dimen175
\cmidrulekern=\dimen176
\defaultaddspace=\dimen177
\@cmidla=\count304
\@cmidlb=\count305
\@aboverulesep=\dimen178
\@belowrulesep=\dimen179
\@thisruleclass=\count306
\@lastruleclass=\count307
\@thisrulewidth=\dimen180
) (C:\Users\_Innos_Zorn_\AppData\Local\Programs\MiKTeX\tex/latex/tools\tabularx.sty
Package: tabularx 2023/12/11 v2.12a `tabularx' package (DPC)
 (C:\Users\_Innos_Zorn_\AppData\Local\Programs\MiKTeX\tex/latex/tools\array.sty
Package: array 2025/09/25 v2.6n Tabular extension package (FMi)
\col@sep=\dimen181
\ar@mcellbox=\box56
\extrarowheight=\dimen182
\NC@list=\toks27
\extratabsurround=\skip55
\backup@length=\skip56
\ar@cellbox=\box57
)
\TX@col@width=\dimen183
\TX@old@table=\dimen184
\TX@old@col=\dimen185
\TX@target=\dimen186
\TX@delta=\dimen187
\TX@cols=\count308
\TX@ftn=\toks28
) (C:\Users\_Innos_Zorn_\AppData\Local\Programs\MiKTeX\tex/latex/tools\longtable.sty
Package: longtable 2025-10-13 v4.24 Multi-page Table package (DPC)
\LTleft=\skip57
\LTright=\skip58
\LTpre=\skip59
\LTpost=\skip60
\LTchunksize=\count309
\LTcapwidth=\dimen188
\LT@head=\box58
\LT@firsthead=\box59
\LT@foot=\box60
\LT@lastfoot=\box61
\LT@gbox=\box62
\LT@cols=\count310
\LT@rows=\count311
\c@LT@tables=\count312
\c@LT@chunks=\count313
\LT@p@ftn=\toks29
) (C:\Users\_Innos_Zorn_\AppData\Local\Programs\MiKTeX\tex/latex/graphics\graphicx.sty
Package: graphicx 2024/12/31 v1.2e Enhanced LaTeX Graphics (DPC,SPQR)
 (C:\Users\_Innos_Zorn_\AppData\Local\Programs\MiKTeX\tex/latex/graphics\graphics.sty
Package: graphics 2024/08/06 v1.4g Standard LaTeX Graphics (DPC,SPQR)
 (C:\Users\_Innos_Zorn_\AppData\Local\Programs\MiKTeX\tex/latex/graphics\trig.sty
Package: trig 2023/12/02 v1.11 sin cos tan (DPC)
) (C:\Users\_Innos_Zorn_\AppData\Local\Programs\MiKTeX\tex/latex/graphics-cfg\graphics.cfg
File: graphics.cfg 2016/06/04 v1.11 sample graphics configuration
)
Package graphics Info: Driver file: pdftex.def on input line 106.
 (C:\Users\_Innos_Zorn_\AppData\Local\Programs\MiKTeX\tex/latex/graphics-def\pdftex.def
File: pdftex.def 2025/09/29 v1.2d Graphics/color driver for pdftex
))
\Gin@req@height=\dimen189
\Gin@req@width=\dimen190
) (C:\Users\_Innos_Zorn_\AppData\Local\Programs\MiKTeX\tex/latex/caption\caption.sty
Package: caption 2023/08/05 v3.6o Customizing captions (AR)
 (C:\Users\_Innos_Zorn_\AppData\Local\Programs\MiKTeX\tex/latex/caption\caption3.sty
Package: caption3 2023/07/31 v2.4d caption3 kernel (AR)
\caption@tempdima=\dimen191
\captionmargin=\dimen192
\caption@leftmargin=\dimen193
\caption@rightmargin=\dimen194
\caption@width=\dimen195
\caption@indent=\dimen196
\caption@parindent=\dimen197
\caption@hangindent=\dimen198
Package caption Info: Standard document class detected.
)
\c@caption@flags=\count314
\c@continuedfloat=\count315
Package caption Info: longtable package is loaded.
 (C:\Users\_Innos_Zorn_\AppData\Local\Programs\MiKTeX\tex/latex/caption\ltcaption.sty
Package: ltcaption 2021/01/08 v1.4c longtable captions (AR)
)) (C:\Users\_Innos_Zorn_\AppData\Local\Programs\MiKTeX\tex/latex/xcolor\xcolor.sty
Package: xcolor 2024/09/29 v3.02 LaTeX color extensions (UK)
 (C:\Users\_Innos_Zorn_\AppData\Local\Programs\MiKTeX\tex/latex/graphics-cfg\color.cfg
File: color.cfg 2016/01/02 v1.6 sample color configuration
)
Package xcolor Info: Driver file: pdftex.def on input line 274.
 (C:\Users\_Innos_Zorn_\AppData\Local\Programs\MiKTeX\tex/latex/graphics\mathcolor.ltx)
Package xcolor Info: Model `cmy' substituted by `cmy0' on input line 1349.
Package xcolor Info: Model `hsb' substituted by `rgb' on input line 1353.
Package xcolor Info: Model `RGB' extended on input line 1365.
Package xcolor Info: Model `HTML' substituted by `rgb' on input line 1367.
Package xcolor Info: Model `Hsb' substituted by `hsb' on input line 1368.
Package xcolor Info: Model `tHsb' substituted by `hsb' on input line 1369.
Package xcolor Info: Model `HSB' substituted by `hsb' on input line 1370.
Package xcolor Info: Model `Gray' substituted by `gray' on input line 1371.
Package xcolor Info: Model `wave' substituted by `hsb' on input line 1372.
) (C:\Users\_Innos_Zorn_\AppData\Local\Programs\MiKTeX\tex/latex/fancyhdr\fancyhdr.sty
Package: fancyhdr 2025/02/07 v5.2 Extensive control of page headers and footers
\f@nch@headwidth=\skip61
\f@nch@offset@elh=\skip62
\f@nch@offset@erh=\skip63
\f@nch@offset@olh=\skip64
\f@nch@offset@orh=\skip65
\f@nch@offset@elf=\skip66
\f@nch@offset@erf=\skip67
\f@nch@offset@olf=\skip68
\f@nch@offset@orf=\skip69
\f@nch@height=\skip70
\f@nch@footalignment=\skip71
\f@nch@widthL=\skip72
\f@nch@widthC=\skip73
\f@nch@widthR=\skip74
\@temptokenb=\toks30
) (C:\Users\_Innos_Zorn_\AppData\Local\Programs\MiKTeX\tex/latex/listings\listings.sty
\lst@mode=\count316
\lst@gtempboxa=\box63
\lst@token=\toks31
\lst@length=\count317
\lst@currlwidth=\dimen199
\lst@column=\count318
\lst@pos=\count319
\lst@lostspace=\dimen256
\lst@width=\dimen257
\lst@newlines=\count320
\lst@lineno=\count321
\lst@maxwidth=\dimen258
 (C:\Users\_Innos_Zorn_\AppData\Local\Programs\MiKTeX\tex/latex/listings\lstpatch.sty
File: lstpatch.sty 2025/11/14 1.11b (Carsten Heinz)
) (C:\Users\_Innos_Zorn_\AppData\Local\Programs\MiKTeX\tex/latex/listings\lstmisc.sty
File: lstmisc.sty 2025/11/14 1.11b (Carsten Heinz)
\c@lstnumber=\count322
\lst@skipnumbers=\count323
\lst@framebox=\box64
) (C:\Users\_Innos_Zorn_\AppData\Local\Programs\MiKTeX\tex/latex/listings\listings.cfg
File: listings.cfg 2025/11/14 1.11b listings configuration
))
Package: listings 2025/11/14 1.11b (Carsten Heinz)

==> First Aid for listings.sty no longer applied!
    Expected:
        2024/09/23 1.10c (Carsten Heinz)
    but found:
        2025/11/14 1.11b (Carsten Heinz)
    so I'm assuming it got fixed.
(C:\Users\_Innos_Zorn_\AppData\Local\Programs\MiKTeX\tex/latex/hyperref\hyperref.sty
Package: hyperref 2026-01-29 v7.01p Hypertext links for LaTeX
 (C:\Users\_Innos_Zorn_\AppData\Local\Programs\MiKTeX\tex/generic/kvdefinekeys\kvdefinekeys.sty
Package: kvdefinekeys 2019-12-19 v1.6 Define keys (HO)
) (C:\Users\_Innos_Zorn_\AppData\Local\Programs\MiKTeX\tex/generic/pdfescape\pdfescape.sty
Package: pdfescape 2019/12/09 v1.15 Implements pdfTeX's escape features (HO)
 (C:\Users\_Innos_Zorn_\AppData\Local\Programs\MiKTeX\tex/generic/pdftexcmds\pdftexcmds.sty
Package: pdftexcmds 2020-06-27 v0.33 Utility functions of pdfTeX for LuaTeX (HO)
 (C:\Users\_Innos_Zorn_\AppData\Local\Programs\MiKTeX\tex/generic/infwarerr\infwarerr.sty
Package: infwarerr 2019/12/03 v1.5 Providing info/warning/error messages (HO)
)
Package pdftexcmds Info: \pdf@primitive is available.
Package pdftexcmds Info: \pdf@ifprimitive is available.
Package pdftexcmds Info: \pdfdraftmode found.
)) (C:\Users\_Innos_Zorn_\AppData\Local\Programs\MiKTeX\tex/latex/hycolor\hycolor.sty
Package: hycolor 2020-01-27 v1.10 Color options for hyperref/bookmark (HO)
) (C:\Users\_Innos_Zorn_\AppData\Local\Programs\MiKTeX\tex/latex/hyperref\nameref.sty
Package: nameref 2026-01-29 v2.58 Cross-referencing by name of section
 (C:\Users\_Innos_Zorn_\AppData\Local\Programs\MiKTeX\tex/latex/refcount\refcount.sty
Package: refcount 2019/12/15 v3.6 Data extraction from label references (HO)
) (C:\Users\_Innos_Zorn_\AppData\Local\Programs\MiKTeX\tex/generic/gettitlestring\gettitlestring.sty
Package: gettitlestring 2019/12/15 v1.6 Cleanup title references (HO)
)
\c@section@level=\count324
) (C:\Users\_Innos_Zorn_\AppData\Local\Programs\MiKTeX\tex/generic/stringenc\stringenc.sty
Package: stringenc 2019/11/29 v1.12 Convert strings between diff. encodings (HO)
)
\@linkdim=\dimen259
\Hy@linkcounter=\count325
\Hy@pagecounter=\count326
 (C:\Users\_Innos_Zorn_\AppData\Local\Programs\MiKTeX\tex/latex/hyperref\pd1enc.def
File: pd1enc.def 2026-01-29 v7.01p Hyperref: PDFDocEncoding definition (HO)
Now handling font encoding PD1 ...
... no UTF-8 mapping file for font encoding PD1
) (C:\Users\_Innos_Zorn_\AppData\Local\Programs\MiKTeX\tex/generic/intcalc\intcalc.sty
Package: intcalc 2019/12/15 v1.3 Expandable calculations with integers (HO)
)
\Hy@SavedSpaceFactor=\count327
 (C:\Users\_Innos_Zorn_\AppData\Local\Programs\MiKTeX\tex/latex/hyperref\puenc.def
File: puenc.def 2026-01-29 v7.01p Hyperref: PDF Unicode definition (HO)
Now handling font encoding PU ...
... no UTF-8 mapping file for font encoding PU
)
Package hyperref Info: Option `colorlinks' set `true' on input line 4072.
Package hyperref Info: Hyper figures OFF on input line 4201.
Package hyperref Info: Link nesting OFF on input line 4206.
Package hyperref Info: Hyper index ON on input line 4209.
Package hyperref Info: Plain pages OFF on input line 4216.
Package hyperref Info: Backreferencing OFF on input line 4221.
Package hyperref Info: Implicit mode ON; LaTeX internals redefined.
Package hyperref Info: Bookmarks ON on input line 4468.
\c@Hy@tempcnt=\count328
 (C:\Users\_Innos_Zorn_\AppData\Local\Programs\MiKTeX\tex/latex/url\url.sty
\Urlmuskip=\muskip18
Package: url 2013/09/16  ver 3.4  Verb mode for urls, etc.
)
LaTeX Info: Redefining \url on input line 4807.
\XeTeXLinkMargin=\dimen260
 (C:\Users\_Innos_Zorn_\AppData\Local\Programs\MiKTeX\tex/generic/bitset\bitset.sty
Package: bitset 2019/12/09 v1.3 Handle bit-vector datatype (HO)
 (C:\Users\_Innos_Zorn_\AppData\Local\Programs\MiKTeX\tex/generic/bigintcalc\bigintcalc.sty
Package: bigintcalc 2019/12/15 v1.5 Expandable calculations on big integers (HO)
))
\Fld@menulength=\count329
\Field@Width=\dimen261
\Fld@charsize=\dimen262
Package hyperref Info: Hyper figures OFF on input line 6084.
Package hyperref Info: Link nesting OFF on input line 6089.
Package hyperref Info: Hyper index ON on input line 6092.
Package hyperref Info: backreferencing OFF on input line 6099.
Package hyperref Info: Link coloring ON on input line 6102.
Package hyperref Info: Link coloring with OCG OFF on input line 6109.
Package hyperref Info: PDF/A mode OFF on input line 6114.
\Hy@abspage=\count330
\c@Item=\count331
\c@Hfootnote=\count332
)
Package hyperref Info: Driver (autodetected): hpdftex.
 (C:\Users\_Innos_Zorn_\AppData\Local\Programs\MiKTeX\tex/latex/hyperref\hpdftex.def
File: hpdftex.def 2026-01-29 v7.01p Hyperref driver for pdfTeX
\Fld@listcount=\count333
\c@bookmark@seq@number=\count334
 (C:\Users\_Innos_Zorn_\AppData\Local\Programs\MiKTeX\tex/latex/rerunfilecheck\rerunfilecheck.sty
Package: rerunfilecheck 2025-06-21 v1.11 Rerun checks for auxiliary files (HO)
 (C:\Users\_Innos_Zorn_\AppData\Local\Programs\MiKTeX\tex/generic/uniquecounter\uniquecounter.sty
Package: uniquecounter 2019/12/15 v1.4 Provide unlimited unique counter (HO)
)
Package uniquecounter Info: New unique counter `rerunfilecheck' on input line 284.
)
\Hy@SectionHShift=\skip75
) (C:\Users\_Innos_Zorn_\AppData\Local\Programs\MiKTeX\tex/latex/pgf/frontendlayer\tikz.sty (C:\Users\_Innos_Zorn_\AppData\Local\Programs\MiKTeX\tex/latex/pgf/basiclayer\pgf.sty (C:\Users\_Innos_Zorn_\AppData\Local\Programs\MiKTeX\tex/latex/pgf/utilities\pgfrcs.sty (C:\Users\_Innos_Zorn_\AppData\Local\Programs\MiKTeX\tex/generic/pgf/utilities\pgfutil-common.tex
\pgfutil@everybye=\toks32
\pgfutil@tempdima=\dimen263
\pgfutil@tempdimb=\dimen264
) (C:\Users\_Innos_Zorn_\AppData\Local\Programs\MiKTeX\tex/generic/pgf/utilities\pgfutil-latex.def
\pgfutil@abb=\box65
) (C:\Users\_Innos_Zorn_\AppData\Local\Programs\MiKTeX\tex/generic/pgf/utilities\pgfrcs.code.tex (C:\Users\_Innos_Zorn_\AppData\Local\Programs\MiKTeX\tex/generic/pgf\pgf.revision.tex)
Package: pgfrcs 2025-08-29 v3.1.11a (3.1.11a)
))
Package: pgf 2025-08-29 v3.1.11a (3.1.11a)
 (C:\Users\_Innos_Zorn_\AppData\Local\Programs\MiKTeX\tex/latex/pgf/basiclayer\pgfcore.sty (C:\Users\_Innos_Zorn_\AppData\Local\Programs\MiKTeX\tex/latex/pgf/systemlayer\pgfsys.sty (C:\Users\_Innos_Zorn_\AppData\Local\Programs\MiKTeX\tex/generic/pgf/systemlayer\pgfsys.code.tex
Package: pgfsys 2025-08-29 v3.1.11a (3.1.11a)
 (C:\Users\_Innos_Zorn_\AppData\Local\Programs\MiKTeX\tex/generic/pgf/utilities\pgfkeys.code.tex
\pgfkeys@pathtoks=\toks33
\pgfkeys@temptoks=\toks34
 (C:\Users\_Innos_Zorn_\AppData\Local\Programs\MiKTeX\tex/generic/pgf/utilities\pgfkeyslibraryfiltered.code.tex
\pgfkeys@tmptoks=\toks35
))
\pgf@x=\dimen265
\pgf@y=\dimen266
\pgf@xa=\dimen267
\pgf@ya=\dimen268
\pgf@xb=\dimen269
\pgf@yb=\dimen270
\pgf@xc=\dimen271
\pgf@yc=\dimen272
\pgf@xd=\dimen273
\pgf@yd=\dimen274
\w@pgf@writea=\write3
\r@pgf@reada=\read3
\c@pgf@counta=\count335
\c@pgf@countb=\count336
\c@pgf@countc=\count337
\c@pgf@countd=\count338
\t@pgf@toka=\toks36
\t@pgf@tokb=\toks37
\t@pgf@tokc=\toks38
\pgf@sys@id@count=\count339
 (C:\Users\_Innos_Zorn_\AppData\Local\Programs\MiKTeX\tex/generic/pgf/systemlayer\pgf.cfg
File: pgf.cfg 2025-08-29 v3.1.11a (3.1.11a)
)
Driver file for pgf: pgfsys-pdftex.def
 (C:\Users\_Innos_Zorn_\AppData\Local\Programs\MiKTeX\tex/generic/pgf/systemlayer\pgfsys-pdftex.def
File: pgfsys-pdftex.def 2025-08-29 v3.1.11a (3.1.11a)
 (C:\Users\_Innos_Zorn_\AppData\Local\Programs\MiKTeX\tex/generic/pgf/systemlayer\pgfsys-common-pdf.def
File: pgfsys-common-pdf.def 2025-08-29 v3.1.11a (3.1.11a)
))) (C:\Users\_Innos_Zorn_\AppData\Local\Programs\MiKTeX\tex/generic/pgf/systemlayer\pgfsyssoftpath.code.tex
File: pgfsyssoftpath.code.tex 2025-08-29 v3.1.11a (3.1.11a)
\pgfsyssoftpath@smallbuffer@items=\count340
\pgfsyssoftpath@bigbuffer@items=\count341
) (C:\Users\_Innos_Zorn_\AppData\Local\Programs\MiKTeX\tex/generic/pgf/systemlayer\pgfsysprotocol.code.tex
File: pgfsysprotocol.code.tex 2025-08-29 v3.1.11a (3.1.11a)
)) (C:\Users\_Innos_Zorn_\AppData\Local\Programs\MiKTeX\tex/generic/pgf/basiclayer\pgfcore.code.tex
Package: pgfcore 2025-08-29 v3.1.11a (3.1.11a)
 (C:\Users\_Innos_Zorn_\AppData\Local\Programs\MiKTeX\tex/generic/pgf/math\pgfmath.code.tex (C:\Users\_Innos_Zorn_\AppData\Local\Programs\MiKTeX\tex/generic/pgf/math\pgfmathutil.code.tex) (C:\Users\_Innos_Zorn_\AppData\Local\Programs\MiKTeX\tex/generic/pgf/math\pgfmathparser.code.tex
\pgfmath@dimen=\dimen275
\pgfmath@count=\count342
\pgfmath@box=\box66
\pgfmath@toks=\toks39
\pgfmath@stack@operand=\toks40
\pgfmath@stack@operation=\toks41
) (C:\Users\_Innos_Zorn_\AppData\Local\Programs\MiKTeX\tex/generic/pgf/math\pgfmathfunctions.code.tex) (C:\Users\_Innos_Zorn_\AppData\Local\Programs\MiKTeX\tex/generic/pgf/math\pgfmathfunctions.basic.code.tex) (C:\Users\_Innos_Zorn_\AppData\Local\Programs\MiKTeX\tex/generic/pgf/math\pgfmathfunctions.trigonometric.code.tex) (C:\Users\_Innos_Zorn_\AppData\Local\Programs\MiKTeX\tex/generic/pgf/math\pgfmathfunctions.random.code.tex) (C:\Users\_Innos_Zorn_\AppData\Local\Programs\MiKTeX\tex/generic/pgf/math\pgfmathfunctions.comparison.code.tex) (C:\Users\_Innos_Zorn_\AppData\Local\Programs\MiKTeX\tex/generic/pgf/math\pgfmathfunctions.base.code.tex) (C:\Users\_Innos_Zorn_\AppData\Local\Programs\MiKTeX\tex/generic/pgf/math\pgfmathfunctions.round.code.tex) (C:\Users\_Innos_Zorn_\AppData\Local\Programs\MiKTeX\tex/generic/pgf/math\pgfmathfunctions.misc.code.tex) (C:\Users\_Innos_Zorn_\AppData\Local\Programs\MiKTeX\tex/generic/pgf/math\pgfmathfunctions.integerarithmetics.code.tex) (C:\Users\_Innos_Zorn_\AppData\Local\Programs\MiKTeX\tex/generic/pgf/math\pgfmathcalc.code.tex) (C:\Users\_Innos_Zorn_\AppData\Local\Programs\MiKTeX\tex/generic/pgf/math\pgfmathfloat.code.tex
\c@pgfmathroundto@lastzeros=\count343
)) (C:\Users\_Innos_Zorn_\AppData\Local\Programs\MiKTeX\tex/generic/pgf/math\pgfint.code.tex) (C:\Users\_Innos_Zorn_\AppData\Local\Programs\MiKTeX\tex/generic/pgf/basiclayer\pgfcorepoints.code.tex
File: pgfcorepoints.code.tex 2025-08-29 v3.1.11a (3.1.11a)
\pgf@picminx=\dimen276
\pgf@picmaxx=\dimen277
\pgf@picminy=\dimen278
\pgf@picmaxy=\dimen279
\pgf@pathminx=\dimen280
\pgf@pathmaxx=\dimen281
\pgf@pathminy=\dimen282
\pgf@pathmaxy=\dimen283
\pgf@xx=\dimen284
\pgf@xy=\dimen285
\pgf@yx=\dimen286
\pgf@yy=\dimen287
\pgf@zx=\dimen288
\pgf@zy=\dimen289
) (C:\Users\_Innos_Zorn_\AppData\Local\Programs\MiKTeX\tex/generic/pgf/basiclayer\pgfcorepathconstruct.code.tex
File: pgfcorepathconstruct.code.tex 2025-08-29 v3.1.11a (3.1.11a)
\pgf@path@lastx=\dimen290
\pgf@path@lasty=\dimen291
) (C:\Users\_Innos_Zorn_\AppData\Local\Programs\MiKTeX\tex/generic/pgf/basiclayer\pgfcorepathusage.code.tex
File: pgfcorepathusage.code.tex 2025-08-29 v3.1.11a (3.1.11a)
\pgf@shorten@end@additional=\dimen292
\pgf@shorten@start@additional=\dimen293
) (C:\Users\_Innos_Zorn_\AppData\Local\Programs\MiKTeX\tex/generic/pgf/basiclayer\pgfcorescopes.code.tex
File: pgfcorescopes.code.tex 2025-08-29 v3.1.11a (3.1.11a)
\pgfpic=\box67
\pgf@hbox=\box68
\pgf@layerbox@main=\box69
\pgf@picture@serial@count=\count344
) (C:\Users\_Innos_Zorn_\AppData\Local\Programs\MiKTeX\tex/generic/pgf/basiclayer\pgfcoregraphicstate.code.tex
File: pgfcoregraphicstate.code.tex 2025-08-29 v3.1.11a (3.1.11a)
\pgflinewidth=\dimen294
) (C:\Users\_Innos_Zorn_\AppData\Local\Programs\MiKTeX\tex/generic/pgf/basiclayer\pgfcoretransformations.code.tex
File: pgfcoretransformations.code.tex 2025-08-29 v3.1.11a (3.1.11a)
\pgf@pt@x=\dimen295
\pgf@pt@y=\dimen296
\pgf@pt@temp=\dimen297
) (C:\Users\_Innos_Zorn_\AppData\Local\Programs\MiKTeX\tex/generic/pgf/basiclayer\pgfcorequick.code.tex
File: pgfcorequick.code.tex 2025-08-29 v3.1.11a (3.1.11a)
) (C:\Users\_Innos_Zorn_\AppData\Local\Programs\MiKTeX\tex/generic/pgf/basiclayer\pgfcoreobjects.code.tex
File: pgfcoreobjects.code.tex 2025-08-29 v3.1.11a (3.1.11a)
) (C:\Users\_Innos_Zorn_\AppData\Local\Programs\MiKTeX\tex/generic/pgf/basiclayer\pgfcorepathprocessing.code.tex
File: pgfcorepathprocessing.code.tex 2025-08-29 v3.1.11a (3.1.11a)
) (C:\Users\_Innos_Zorn_\AppData\Local\Programs\MiKTeX\tex/generic/pgf/basiclayer\pgfcorearrows.code.tex
File: pgfcorearrows.code.tex 2025-08-29 v3.1.11a (3.1.11a)
\pgfarrowsep=\dimen298
) (C:\Users\_Innos_Zorn_\AppData\Local\Programs\MiKTeX\tex/generic/pgf/basiclayer\pgfcoreshade.code.tex
File: pgfcoreshade.code.tex 2025-08-29 v3.1.11a (3.1.11a)
\pgf@max=\dimen299
\pgf@sys@shading@range@num=\count345
\pgf@shadingcount=\count346
) (C:\Users\_Innos_Zorn_\AppData\Local\Programs\MiKTeX\tex/generic/pgf/basiclayer\pgfcoreimage.code.tex
File: pgfcoreimage.code.tex 2025-08-29 v3.1.11a (3.1.11a)
) (C:\Users\_Innos_Zorn_\AppData\Local\Programs\MiKTeX\tex/generic/pgf/basiclayer\pgfcoreexternal.code.tex
File: pgfcoreexternal.code.tex 2025-08-29 v3.1.11a (3.1.11a)
\pgfexternal@startupbox=\box70
) (C:\Users\_Innos_Zorn_\AppData\Local\Programs\MiKTeX\tex/generic/pgf/basiclayer\pgfcorelayers.code.tex
File: pgfcorelayers.code.tex 2025-08-29 v3.1.11a (3.1.11a)
) (C:\Users\_Innos_Zorn_\AppData\Local\Programs\MiKTeX\tex/generic/pgf/basiclayer\pgfcoretransparency.code.tex
File: pgfcoretransparency.code.tex 2025-08-29 v3.1.11a (3.1.11a)
) (C:\Users\_Innos_Zorn_\AppData\Local\Programs\MiKTeX\tex/generic/pgf/basiclayer\pgfcorepatterns.code.tex
File: pgfcorepatterns.code.tex 2025-08-29 v3.1.11a (3.1.11a)
) (C:\Users\_Innos_Zorn_\AppData\Local\Programs\MiKTeX\tex/generic/pgf/basiclayer\pgfcorerdf.code.tex
File: pgfcorerdf.code.tex 2025-08-29 v3.1.11a (3.1.11a)
))) (C:\Users\_Innos_Zorn_\AppData\Local\Programs\MiKTeX\tex/generic/pgf/modules\pgfmoduleshapes.code.tex
File: pgfmoduleshapes.code.tex 2025-08-29 v3.1.11a (3.1.11a)
\pgfnodeparttextbox=\box71
) (C:\Users\_Innos_Zorn_\AppData\Local\Programs\MiKTeX\tex/generic/pgf/modules\pgfmoduleplot.code.tex
File: pgfmoduleplot.code.tex 2025-08-29 v3.1.11a (3.1.11a)
) (C:\Users\_Innos_Zorn_\AppData\Local\Programs\MiKTeX\tex/latex/pgf/compatibility\pgfcomp-version-0-65.sty
Package: pgfcomp-version-0-65 2025-08-29 v3.1.11a (3.1.11a)
\pgf@nodesepstart=\dimen300
\pgf@nodesepend=\dimen301
) (C:\Users\_Innos_Zorn_\AppData\Local\Programs\MiKTeX\tex/latex/pgf/compatibility\pgfcomp-version-1-18.sty
Package: pgfcomp-version-1-18 2025-08-29 v3.1.11a (3.1.11a)
)) (C:\Users\_Innos_Zorn_\AppData\Local\Programs\MiKTeX\tex/latex/pgf/utilities\pgffor.sty (C:\Users\_Innos_Zorn_\AppData\Local\Programs\MiKTeX\tex/latex/pgf/utilities\pgfkeys.sty (C:\Users\_Innos_Zorn_\AppData\Local\Programs\MiKTeX\tex/generic/pgf/utilities\pgfkeys.code.tex)) (C:\Users\_Innos_Zorn_\AppData\Local\Programs\MiKTeX\tex/latex/pgf/math\pgfmath.sty (C:\Users\_Innos_Zorn_\AppData\Local\Programs\MiKTeX\tex/generic/pgf/math\pgfmath.code.tex)) (C:\Users\_Innos_Zorn_\AppData\Local\Programs\MiKTeX\tex/generic/pgf/utilities\pgffor.code.tex
Package: pgffor 2025-08-29 v3.1.11a (3.1.11a)
\pgffor@iter=\dimen302
\pgffor@skip=\dimen303
\pgffor@stack=\toks42
\pgffor@toks=\toks43
)) (C:\Users\_Innos_Zorn_\AppData\Local\Programs\MiKTeX\tex/generic/pgf/frontendlayer/tikz\tikz.code.tex
Package: tikz 2025-08-29 v3.1.11a (3.1.11a)
 (C:\Users\_Innos_Zorn_\AppData\Local\Programs\MiKTeX\tex/generic/pgf/libraries\pgflibraryplothandlers.code.tex
File: pgflibraryplothandlers.code.tex 2025-08-29 v3.1.11a (3.1.11a)
\pgf@plot@mark@count=\count347
\pgfplotmarksize=\dimen304
)
\tikz@lastx=\dimen305
\tikz@lasty=\dimen306
\tikz@lastxsaved=\dimen307
\tikz@lastysaved=\dimen308
\tikz@lastmovetox=\dimen309
\tikz@lastmovetoy=\dimen310
\tikzleveldistance=\dimen311
\tikzsiblingdistance=\dimen312
\tikz@figbox=\box72
\tikz@figbox@bg=\box73
\tikz@tempbox=\box74
\tikz@tempbox@bg=\box75
\tikztreelevel=\count348
\tikznumberofchildren=\count349
\tikznumberofcurrentchild=\count350
\tikz@fig@count=\count351
 (C:\Users\_Innos_Zorn_\AppData\Local\Programs\MiKTeX\tex/generic/pgf/modules\pgfmodulematrix.code.tex
File: pgfmodulematrix.code.tex 2025-08-29 v3.1.11a (3.1.11a)
\pgfmatrixcurrentrow=\count352
\pgfmatrixcurrentcolumn=\count353
\pgf@matrix@numberofcolumns=\count354
)
\tikz@expandcount=\count355
 (C:\Users\_Innos_Zorn_\AppData\Local\Programs\MiKTeX\tex/generic/pgf/frontendlayer/tikz/libraries\tikzlibrarytopaths.code.tex
File: tikzlibrarytopaths.code.tex 2025-08-29 v3.1.11a (3.1.11a)
))) (C:\Users\_Innos_Zorn_\AppData\Local\Programs\MiKTeX\tex/generic/pgf/libraries\pgflibraryarrows.meta.code.tex
File: pgflibraryarrows.meta.code.tex 2025-08-29 v3.1.11a (3.1.11a)
\pgfarrowinset=\dimen313
\pgfarrowlength=\dimen314
\pgfarrowwidth=\dimen315
\pgfarrowlinewidth=\dimen316
) (C:\Users\_Innos_Zorn_\AppData\Local\Programs\MiKTeX\tex/generic/pgf/frontendlayer/tikz/libraries\tikzlibrarypositioning.code.tex
File: tikzlibrarypositioning.code.tex 2025-08-29 v3.1.11a (3.1.11a)
) (C:\Users\_Innos_Zorn_\AppData\Local\Programs\MiKTeX\tex/generic/pgf/frontendlayer/tikz/libraries\tikzlibraryshapes.geometric.code.tex
File: tikzlibraryshapes.geometric.code.tex 2025-08-29 v3.1.11a (3.1.11a)
 (C:\Users\_Innos_Zorn_\AppData\Local\Programs\MiKTeX\tex/generic/pgf/libraries/shapes\pgflibraryshapes.geometric.code.tex
File: pgflibraryshapes.geometric.code.tex 2025-08-29 v3.1.11a (3.1.11a)
)) (C:\Users\_Innos_Zorn_\AppData\Local\Programs\MiKTeX\tex/generic/pgf/frontendlayer/tikz/libraries\tikzlibraryfit.code.tex
File: tikzlibraryfit.code.tex 2025-08-29 v3.1.11a (3.1.11a)
) (C:\Users\_Innos_Zorn_\AppData\Local\Programs\MiKTeX\tex/generic/pgf/frontendlayer/tikz/libraries\tikzlibrarybackgrounds.code.tex
File: tikzlibrarybackgrounds.code.tex 2025-08-29 v3.1.11a (3.1.11a)
\pgf@layerbox@background=\box76
\pgf@layerboxsaved@background=\box77
) (C:\Users\_Innos_Zorn_\AppData\Local\Programs\MiKTeX\tex/generic/pgf/frontendlayer/tikz/libraries\tikzlibrarycalc.code.tex
File: tikzlibrarycalc.code.tex 2025-08-29 v3.1.11a (3.1.11a)
) (C:\Users\_Innos_Zorn_\AppData\Local\Programs\MiKTeX\tex/latex/eurosym\eurosym.sty
Package: eurosym 1998/08/06 v1.1 European currency symbol ``Euro''
\@eurobox=\box78
) (C:\Users\_Innos_Zorn_\AppData\Local\Programs\MiKTeX\tex/latex/tcolorbox\tcolorbox.sty
Package: tcolorbox 2025/11/28 version 6.9.0 text color boxes
 (C:\Users\_Innos_Zorn_\AppData\Local\Programs\MiKTeX\tex/latex/tools\verbatim.sty
Package: verbatim 2024-01-22 v1.5x LaTeX2e package for verbatim enhancements
\every@verbatim=\toks44
\verbatim@line=\toks45
\verbatim@in@stream=\read4
) (C:\Users\_Innos_Zorn_\AppData\Local\Programs\MiKTeX\tex/latex/environ\environ.sty
Package: environ 2014/05/04 v0.3 A new way to define environments
 (C:\Users\_Innos_Zorn_\AppData\Local\Programs\MiKTeX\tex/latex/trimspaces\trimspaces.sty
Package: trimspaces 2009/09/17 v1.1 Trim spaces around a token list
))
\tcb@titlebox=\box79
\tcb@upperbox=\box80
\tcb@lowerbox=\box81
\tcb@phantombox=\box82
\c@tcbbreakpart=\count356
\c@tcblayer=\count357
\c@tcolorbox@number=\count358
\l__tcobox_tmpa_box=\box83
\l__tcobox_tmpa_dim=\dimen317
\tcb@temp=\box84
\tcb@temp=\box85
\tcb@temp=\box86
\tcb@temp=\box87
 (C:\Users\_Innos_Zorn_\AppData\Local\Programs\MiKTeX\tex/latex/tcolorbox\tcbraster.code.tex
Library (tcolorbox): 'tcbraster.code.tex' version '6.9.0'
\c@tcbrastercolumn=\count359
\c@tcbrasterrow=\count360
\c@tcbrasternum=\count361
\c@tcbraster=\count362
) (C:\Users\_Innos_Zorn_\AppData\Local\Programs\MiKTeX\tex/latex/tcolorbox\tcbskins.code.tex
Library (tcolorbox): 'tcbskins.code.tex' version '6.9.0'
(C:\Users\_Innos_Zorn_\AppData\Local\Programs\MiKTeX\tex/latex/tikzfill\tikzfill.image.sty
Package: tikzfill.image 2026/04/23 v1.2.0 Image filling library for TikZ
 (C:\Users\_Innos_Zorn_\AppData\Local\Programs\MiKTeX\tex/latex/tikzfill\tikzlibraryfill.image.code.tex
File: tikzlibraryfill.image.code.tex 2026/04/23 v1.2.0 Image filling library
\l__tikzfill_tmpa_dim=\dimen318
\l__tikzfill_tmpb_dim=\dimen319
\l__tikzfill_img_box=\box88
)) (C:\Users\_Innos_Zorn_\AppData\Local\Programs\MiKTeX\tex/latex/tcolorbox\tcbskinsjigsaw.code.tex
Library (tcolorbox): 'tcbskinsjigsaw.code.tex' version '6.9.0'
)) (C:\Users\_Innos_Zorn_\AppData\Local\Programs\MiKTeX\tex/latex/tcolorbox\tcbbreakable.code.tex
Library (tcolorbox): 'tcbbreakable.code.tex' version '6.9.0'
(C:\Users\_Innos_Zorn_\AppData\Local\Programs\MiKTeX\tex/latex/pdfcol\pdfcol.sty
Package: pdfcol 2022-09-21 v1.7 Handle new color stacks for pdfTeX (HO)
)
Package pdfcol Info: New color stack `tcb@breakable' = 1 on input line 23.
\tcb@testbox=\box89
\tcb@totalupperbox=\box90
\tcb@totallowerbox=\box91
) (C:\Users\_Innos_Zorn_\AppData\Local\Programs\MiKTeX\tex/latex/tcolorbox\tcbhooks.code.tex
Library (tcolorbox): 'tcbhooks.code.tex' version '6.9.0'
) (C:\Users\_Innos_Zorn_\AppData\Local\Programs\MiKTeX\tex/latex/tcolorbox\tcbtheorems.code.tex
Library (tcolorbox): 'tcbtheorems.code.tex' version '6.9.0'
) (C:\Users\_Innos_Zorn_\AppData\Local\Programs\MiKTeX\tex/latex/tcolorbox\tcbfitting.code.tex
Library (tcolorbox): 'tcbfitting.code.tex' version '6.9.0'
\tcbfitdim=\dimen320
\tcb@lowerfitdim=\dimen321
\tcb@upperfitdim=\dimen322
\tcb@cur@hbadness=\count363
) (C:\Users\_Innos_Zorn_\AppData\Local\Programs\MiKTeX\tex/latex/tcolorbox\tcblistingsutf8.code.tex
Library (tcolorbox): 'tcblistingsutf8.code.tex' version '6.9.0'
(C:\Users\_Innos_Zorn_\AppData\Local\Programs\MiKTeX\tex/latex/tcolorbox\tcblistings.code.tex
Library (tcolorbox): 'tcblistings.code.tex' version '6.9.0'
(C:\Users\_Innos_Zorn_\AppData\Local\Programs\MiKTeX\tex/latex/tcolorbox\tcblistingscore.code.tex
Library (tcolorbox): 'tcblistingscore.code.tex' version '6.9.0'
(C:\Users\_Innos_Zorn_\AppData\Local\Programs\MiKTeX\tex/latex/tcolorbox\tcbprocessing.code.tex
Library (tcolorbox): 'tcbprocessing.code.tex' version '6.9.0'
)
\c@tcblisting=\count364
)) (C:\Users\_Innos_Zorn_\AppData\Local\Programs\MiKTeX\tex/latex/listingsutf8\listingsutf8.sty
Package: listingsutf8 2019-12-10 v1.5 Allow UTF-8 in listings input (HO)
)) (C:\Users\_Innos_Zorn_\AppData\Local\Programs\MiKTeX\tex/latex/tcolorbox\tcbexternal.code.tex
Library (tcolorbox): 'tcbexternal.code.tex' version '6.9.0'
) (C:\Users\_Innos_Zorn_\AppData\Local\Programs\MiKTeX\tex/latex/tcolorbox\tcbmagazine.code.tex
Library (tcolorbox): 'tcbmagazine.code.tex' version '6.9.0'
) (C:\Users\_Innos_Zorn_\AppData\Local\Programs\MiKTeX\tex/latex/tcolorbox\tcbvignette.code.tex
Library (tcolorbox): 'tcbvignette.code.tex' version '6.9.0'
(C:\Users\_Innos_Zorn_\AppData\Local\Programs\MiKTeX\tex/generic/pgf/frontendlayer/tikz/libraries\tikzlibraryfadings.code.tex
File: tikzlibraryfadings.code.tex 2025-08-29 v3.1.11a (3.1.11a)
 (C:\Users\_Innos_Zorn_\AppData\Local\Programs\MiKTeX\tex/generic/pgf/libraries\pgflibraryfadings.code.tex
File: pgflibraryfadings.code.tex 2025-08-29 v3.1.11a (3.1.11a)
))) (C:\Users\_Innos_Zorn_\AppData\Local\Programs\MiKTeX\tex/latex/tcolorbox\tcbposter.code.tex
Library (tcolorbox): 'tcbposter.code.tex' version '6.9.0'
))) (C:\Users\_Innos_Zorn_\AppData\Local\Programs\MiKTeX\tex/latex/biblatex\biblatex.sty
Package: biblatex 2025/07/10 v3.21 programmable bibliographies (PK/MW)
 (C:\Users\_Innos_Zorn_\AppData\Local\Programs\MiKTeX\tex/latex/logreq\logreq.sty
Package: logreq 2010/08/04 v1.0 xml request logger
\lrq@indent=\count365
 (C:\Users\_Innos_Zorn_\AppData\Local\Programs\MiKTeX\tex/latex/logreq\logreq.def
File: logreq.def 2010/08/04 v1.0 logreq spec v1.0
)) (C:\Users\_Innos_Zorn_\AppData\Local\Programs\MiKTeX\tex/latex/base\ifthen.sty
Package: ifthen 2024/03/16 v1.1e Standard LaTeX ifthen package (DPC)
)
\c@tabx@nest=\count366
\c@listtotal=\count367
\c@listcount=\count368
\c@liststart=\count369
\c@liststop=\count370
\c@citecount=\count371
\c@citetotal=\count372
\c@multicitecount=\count373
\c@multicitetotal=\count374
\c@instcount=\count375
\c@maxnames=\count376
\c@minnames=\count377
\c@maxitems=\count378
\c@minitems=\count379
\c@citecounter=\count380
\c@maxcitecounter=\count381
\c@savedcitecounter=\count382
\c@uniquelist=\count383
\c@uniquename=\count384
\c@refsection=\count385
\c@refsegment=\count386
\c@maxextratitle=\count387
\c@maxextratitleyear=\count388
\c@maxextraname=\count389
\c@maxextradate=\count390
\c@maxextraalpha=\count391
\c@abbrvpenalty=\count392
\c@highnamepenalty=\count393
\c@lownamepenalty=\count394
\c@maxparens=\count395
\c@parenlevel=\count396
\blx@tempcnta=\count397
\blx@tempcntb=\count398
\blx@tempcntc=\count399
\c@blx@maxsection=\count400
\blx@maxsegment@0=\count401
\blx@notetype=\count402
\blx@parenlevel@text=\count403
\blx@parenlevel@foot=\count404
\blx@sectionciteorder@0=\count405
\blx@sectionciteorderinternal@0=\count406
\blx@entrysetcounter=\count407
\blx@biblioinstance=\count408
\labelnumberwidth=\skip76
\labelalphawidth=\skip77
\biblabelsep=\skip78
\bibitemsep=\skip79
\bibnamesep=\skip80
\bibinitsep=\skip81
\bibparsep=\skip82
\bibhang=\skip83
\blx@bcfin=\read5
\blx@bcfout=\write4
\blx@langwohyphens=\language80
\c@mincomprange=\count409
\c@maxcomprange=\count410
\c@mincompwidth=\count411
Package biblatex Info: Trying to load biblatex default data model...
Package biblatex Info: ... file 'blx-dm.def' found.
 (C:\Users\_Innos_Zorn_\AppData\Local\Programs\MiKTeX\tex/latex/biblatex\blx-dm.def
File: blx-dm.def 2025/07/10 v3.21 biblatex datamodel (PK/MW)
)
Package biblatex Info: Trying to load biblatex style data model...
Package biblatex Info: ... file 'numeric.dbx' not found.
Package biblatex Info: Trying to load biblatex custom data model...
Package biblatex Info: ... file 'biblatex-dm.cfg' not found.
\c@afterword=\count412
\c@savedafterword=\count413
\c@annotator=\count414
\c@savedannotator=\count415
\c@author=\count416
\c@savedauthor=\count417
\c@bookauthor=\count418
\c@savedbookauthor=\count419
\c@commentator=\count420
\c@savedcommentator=\count421
\c@editor=\count422
\c@savededitor=\count423
\c@editora=\count424
\c@savededitora=\count425
\c@editorb=\count426
\c@savededitorb=\count427
\c@editorc=\count428
\c@savededitorc=\count429
\c@foreword=\count430
\c@savedforeword=\count431
\c@holder=\count432
\c@savedholder=\count433
\c@introduction=\count434
\c@savedintroduction=\count435
\c@namea=\count436
\c@savednamea=\count437
\c@nameb=\count438
\c@savednameb=\count439
\c@namec=\count440
\c@savednamec=\count441
\c@translator=\count442
\c@savedtranslator=\count443
\c@shortauthor=\count444
\c@savedshortauthor=\count445
\c@shorteditor=\count446
\c@savedshorteditor=\count447
\c@labelname=\count448
\c@savedlabelname=\count449
\c@institution=\count450
\c@savedinstitution=\count451
\c@lista=\count452
\c@savedlista=\count453
\c@listb=\count454
\c@savedlistb=\count455
\c@listc=\count456
\c@savedlistc=\count457
\c@listd=\count458
\c@savedlistd=\count459
\c@liste=\count460
\c@savedliste=\count461
\c@listf=\count462
\c@savedlistf=\count463
\c@location=\count464
\c@savedlocation=\count465
\c@organization=\count466
\c@savedorganization=\count467
\c@origlocation=\count468
\c@savedoriglocation=\count469
\c@origpublisher=\count470
\c@savedorigpublisher=\count471
\c@publisher=\count472
\c@savedpublisher=\count473
\c@language=\count474
\c@savedlanguage=\count475
\c@origlanguage=\count476
\c@savedoriglanguage=\count477
\c@pageref=\count478
\c@savedpageref=\count479
\shorthandwidth=\skip84
\shortjournalwidth=\skip85
\shortserieswidth=\skip86
\shorttitlewidth=\skip87
\shortauthorwidth=\skip88
\shorteditorwidth=\skip89
\locallabelnumberwidth=\skip90
\locallabelalphawidth=\skip91
\localshorthandwidth=\skip92
\localshortjournalwidth=\skip93
\localshortserieswidth=\skip94
\localshorttitlewidth=\skip95
\localshortauthorwidth=\skip96
\localshorteditorwidth=\skip97
Package biblatex Info: Trying to load compatibility code...
Package biblatex Info: ... file 'blx-compat.def' found.
 (C:\Users\_Innos_Zorn_\AppData\Local\Programs\MiKTeX\tex/latex/biblatex\blx-compat.def
File: blx-compat.def 2025/07/10 v3.21 biblatex compatibility (PK/MW)
)
Package biblatex Info: Trying to load BibTeX backend compatibility...
Package biblatex Info: ... file 'blx-bibtex.def' found.
 (C:\Users\_Innos_Zorn_\AppData\Local\Programs\MiKTeX\tex/latex/biblatex\blx-bibtex.def
File: blx-bibtex.def 2025/07/10 v3.21 biblatex compatibility (PK/MW)


Package biblatex Warning: Using fall-back bibtex backend:
(biblatex)                functionality may be reduced/unavailable.

)
Package biblatex Info: Trying to load generic definitions...
Package biblatex Info: ... file 'biblatex.def' found.
 (C:\Users\_Innos_Zorn_\AppData\Local\Programs\MiKTeX\tex/latex/biblatex\biblatex.def
File: biblatex.def 2025/07/10 v3.21 biblatex compatibility (PK/MW)
\c@textcitecount=\count480
\c@textcitetotal=\count481
\c@textcitemaxnames=\count482
\c@biburlbigbreakpenalty=\count483
\c@biburlbreakpenalty=\count484
\c@biburlnumpenalty=\count485
\c@biburlucpenalty=\count486
\c@biburllcpenalty=\count487
\biburlbigskip=\muskip19
\biburlnumskip=\muskip20
\biburlucskip=\muskip21
\biburllcskip=\muskip22
\c@smartand=\count488
)
Package biblatex Info: Trying to load bibliography style 'numeric'...
Package biblatex Info: ... file 'numeric.bbx' found.
 (C:\Users\_Innos_Zorn_\AppData\Local\Programs\MiKTeX\tex/latex/biblatex/bbx\numeric.bbx
File: numeric.bbx 2025/07/10 v3.21 biblatex bibliography style (PK/MW)
Package biblatex Info: Trying to load bibliography style 'standard'...
Package biblatex Info: ... file 'standard.bbx' found.
 (C:\Users\_Innos_Zorn_\AppData\Local\Programs\MiKTeX\tex/latex/biblatex/bbx\standard.bbx
File: standard.bbx 2025/07/10 v3.21 biblatex bibliography style (PK/MW)
\c@bbx:relatedcount=\count489
\c@bbx:relatedtotal=\count490
))
Package biblatex Info: Trying to load citation style 'numeric'...
Package biblatex Info: ... file 'numeric.cbx' found.
 (C:\Users\_Innos_Zorn_\AppData\Local\Programs\MiKTeX\tex/latex/biblatex/cbx\numeric.cbx
File: numeric.cbx 2025/07/10 v3.21 biblatex citation style (PK/MW)
Package biblatex Info: Redefining '\cite'.
Package biblatex Info: Redefining '\parencite'.
Package biblatex Info: Redefining '\footcite'.
Package biblatex Info: Redefining '\footcitetext'.
Package biblatex Info: Redefining '\smartcite'.
Package biblatex Info: Redefining '\supercite'.
Package biblatex Info: Redefining '\textcite'.
Package biblatex Info: Redefining '\textcites'.
Package biblatex Info: Redefining '\cites'.
Package biblatex Info: Redefining '\parencites'.
Package biblatex Info: Redefining '\smartcites'.
)
Package biblatex Info: Trying to load configuration file...
Package biblatex Info: ... file 'biblatex.cfg' found.
 (C:\Users\_Innos_Zorn_\AppData\Local\Programs\MiKTeX\tex/latex/biblatex\biblatex.cfg
File: biblatex.cfg 
)
Package biblatex Info: Input encoding 'utf8' detected.
Package biblatex Info: Document encoding is UTF8 ....
 (C:\Users\_Innos_Zorn_\AppData\Local\Programs\MiKTeX\tex/latex/l3kernel\expl3.sty
Package: expl3 2026-01-19 L3 programming layer (loader) 
 (C:\Users\_Innos_Zorn_\AppData\Local\Programs\MiKTeX\tex/latex/l3backend\l3backend-pdftex.def
File: l3backend-pdftex.def 2025-10-09 L3 backend support: PDF output (pdfTeX)
\l__color_backend_stack_int=\count491
))
Package biblatex Info: ... and expl3
(biblatex)             2026-01-19 L3 programming layer (loader) 
(biblatex)             is new enough (at least 2020/04/06),
(biblatex)             setting 'casechanger=expl3'.
 (C:\Users\_Innos_Zorn_\AppData\Local\Programs\MiKTeX\tex/latex/biblatex\blx-case-expl3.sty (C:\Users\_Innos_Zorn_\AppData\Local\Programs\MiKTeX\tex/latex/l3packages/xparse\xparse.sty
Package: xparse 2025-10-09 L3 Experimental document command parser
)
Package: blx-case-expl3 2025/07/10 v3.21 expl3 case changing code for biblatex
))

Package biblatex Warning: 'babel/polyglossia' detected but 'csquotes' missing.
(biblatex)                Loading 'csquotes' recommended.

\@quotelevel=\count492
\@quotereset=\count493
LaTeX Font Info:    Trying to load font information for T1+lmr on input line 20.
(C:\Users\_Innos_Zorn_\AppData\Local\Programs\MiKTeX\tex/latex/lm\t1lmr.fd
File: t1lmr.fd 2015/05/01 v1.6.1 Font defs for Latin Modern
) (main.aux
Package babel Info: 'ngerman' activates 'german' shorthands.
(babel)             Reported on input line 12.
 (chapters/ch01_ros2_konzepte.aux) (chapters/ch02_kalman_ekf.aux) (chapters/ch03_odometrie.aux) (chapters/ch04_stereosehen.aux) (chapters/ch05_kinematik.aux) (chapters/ch06_schrittmotoren.aux) (chapters/ch07_zykloidgetriebe.aux) (chapters/ch08_komponenten.aux) (chapters/ch09_pcb.aux) (chapters/ch10_betriebssystem.aux) (chapters/ch11_installation.aux) (chapters/ch12_simulationswerkzeuge.aux) (chapters/ch13_sim_real_trennung.aux) (chapters/ch14_cad_urdf.aux) (chapters/ch15_projekt1.aux) (chapters/ch16_projekt2.aux) (chapters/ch17_projekt3.aux) (chapters/ch18_projekt4.aux) (chapters/ch19_kamera_anbindung.aux) (chapters/ch20_kalibrierung.aux) (chapters/ch21_kalman_knoten.aux) (chapters/ch22_merkmalserkennung.aux) (chapters/ch23_kamera_architektur.aux) (chapters/ch24_portalsystem.aux) (chapters/ch25_hebelarm.aux) (chapters/ch26_simulierbarkeit.aux) (chapters/ch27_cad_module.aux) (chapters/ch28_dokumentation.aux))
\openout1 = `main.aux'.

LaTeX Font Info:    Checking defaults for OML/cmm/m/it on input line 20.
LaTeX Font Info:    ... okay on input line 20.
LaTeX Font Info:    Checking defaults for OMS/cmsy/m/n on input line 20.
LaTeX Font Info:    ... okay on input line 20.
LaTeX Font Info:    Checking defaults for OT1/cmr/m/n on input line 20.
LaTeX Font Info:    ... okay on input line 20.
LaTeX Font Info:    Checking defaults for T1/cmr/m/n on input line 20.
LaTeX Font Info:    ... okay on input line 20.
LaTeX Font Info:    Checking defaults for TS1/cmr/m/n on input line 20.
LaTeX Font Info:    ... okay on input line 20.
LaTeX Font Info:    Checking defaults for OMX/cmex/m/n on input line 20.
LaTeX Font Info:    ... okay on input line 20.
LaTeX Font Info:    Checking defaults for U/cmr/m/n on input line 20.
LaTeX Font Info:    ... okay on input line 20.
LaTeX Font Info:    Checking defaults for PD1/pdf/m/n on input line 20.
LaTeX Font Info:    ... okay on input line 20.
LaTeX Font Info:    Checking defaults for PU/pdf/m/n on input line 20.
LaTeX Font Info:    ... okay on input line 20.

*geometry* driver: auto-detecting
*geometry* detected driver: pdftex
*geometry* verbose mode - [ preamble ] result:
* driver: pdftex
* paper: a4paper
* layout: <same size as paper>
* layoutoffset:(h,v)=(0.0pt,0.0pt)
* modes: 
* h-part:(L,W,R)=(65.44142pt, 466.62503pt, 65.44142pt)
* v-part:(T,H,B)=(65.44142pt, 714.164pt, 65.44142pt)
* \paperwidth=597.50787pt
* \paperheight=845.04684pt
* \textwidth=466.62503pt
* \textheight=714.164pt
* \oddsidemargin=-6.82857pt
* \evensidemargin=-6.82857pt
* \topmargin=-43.82857pt
* \headheight=12.0pt
* \headsep=25.0pt
* \topskip=11.0pt
* \footskip=30.0pt
* \marginparwidth=50.0pt
* \marginparsep=10.0pt
* \columnsep=10.0pt
* \skip\footins=10.0pt plus 4.0pt minus 2.0pt
* \hoffset=0.0pt
* \voffset=0.0pt
* \mag=1000
* \@twocolumnfalse
* \@twosidefalse
* \@mparswitchfalse
* \@reversemarginfalse
* (1in=72.27pt=25.4mm, 1cm=28.453pt)

(C:\Users\_Innos_Zorn_\AppData\Local\Programs\MiKTeX\tex/context/base/mkii\supp-pdf.mkii
[Loading MPS to PDF converter (version 2006.09.02).]
\scratchcounter=\count494
\scratchdimen=\dimen323
\scratchbox=\box92
\nofMPsegments=\count495
\nofMParguments=\count496
\everyMPshowfont=\toks46
\MPscratchCnt=\count497
\MPscratchDim=\dimen324
\MPnumerator=\count498
\makeMPintoPDFobject=\count499
\everyMPtoPDFconversion=\toks47
) (C:\Users\_Innos_Zorn_\AppData\Local\Programs\MiKTeX\tex/latex/epstopdf-pkg\epstopdf-base.sty
Package: epstopdf-base 2020-01-24 v2.11 Base part for package epstopdf
Package epstopdf-base Info: Redefining graphics rule for `.eps' on input line 485.
 (C:\Users\_Innos_Zorn_\AppData\Local\Programs\MiKTeX\tex/latex/00miktex\epstopdf-sys.cfg
File: epstopdf-sys.cfg 2021/03/18 v2.0 Configuration of epstopdf for MiKTeX
))
Package caption Info: Begin \AtBeginDocument code.
Package caption Info: hyperref package is loaded.
Package caption Info: listings package is loaded.
Package caption Info: End \AtBeginDocument code.
\c@lstlisting=\count500
Package hyperref Info: Link coloring ON on input line 20.
 (main.out) (main.out)
\@outlinefile=\write5
\openout5 = `main.out'.

Package biblatex Info: Trying to load language 'ngerman'...
Package biblatex Info: ... file 'ngerman.lbx' found.
 (C:\Users\_Innos_Zorn_\AppData\Local\Programs\MiKTeX\tex/latex/biblatex/lbx\ngerman.lbx
File: ngerman.lbx 2025/07/10 v3.21 biblatex localization (PK/MW)
Package biblatex Info: Trying to load language 'german'...
Package biblatex Info: ... file 'german.lbx' found.
 (C:\Users\_Innos_Zorn_\AppData\Local\Programs\MiKTeX\tex/latex/biblatex/lbx\german.lbx
File: german.lbx 2025/07/10 v3.21 biblatex localization (PK/MW)
)
Package biblatex Info: Trying to load language 'german'...
Package biblatex Info: ... file 'german.lbx' found.
 (C:\Users\_Innos_Zorn_\AppData\Local\Programs\MiKTeX\tex/latex/biblatex/lbx\german.lbx
File: german.lbx 2025/07/10 v3.21 biblatex localization (PK/MW)
))
Package biblatex Info: Input encoding 'utf8' detected.
Package biblatex Info: Automatic encoding selection.
(biblatex)             Assuming data encoding 'utf8'.
Package biblatex Info: Input encoding 'utf8' detected.
Package biblatex Info: Data encoding 'utf8' specified.
(biblatex)             No need to reencode data.
\openout4 = `main-blx.bib'.

Package biblatex Info: Trying to load bibliographic data...
Package biblatex Info: ... file 'main.bbl' found.
 (main.bbl)
Package biblatex Info: Reference section=0 on input line 20.
Package biblatex Info: Reference segment=0 on input line 20.
 (front/titlepage.tex
LaTeX Font Info:    Trying to load font information for OT1+lmr on input line 15.
 (C:\Users\_Innos_Zorn_\AppData\Local\Programs\MiKTeX\tex/latex/lm\ot1lmr.fd
File: ot1lmr.fd 2015/05/01 v1.6.1 Font defs for Latin Modern
)
LaTeX Font Info:    Trying to load font information for OML+lmm on input line 15.
 (C:\Users\_Innos_Zorn_\AppData\Local\Programs\MiKTeX\tex/latex/lm\omllmm.fd
File: omllmm.fd 2015/05/01 v1.6.1 Font defs for Latin Modern
)
LaTeX Font Info:    Trying to load font information for OMS+lmsy on input line 15.
 (C:\Users\_Innos_Zorn_\AppData\Local\Programs\MiKTeX\tex/latex/lm\omslmsy.fd
File: omslmsy.fd 2015/05/01 v1.6.1 Font defs for Latin Modern
)
LaTeX Font Info:    Trying to load font information for OMX+lmex on input line 15.
 (C:\Users\_Innos_Zorn_\AppData\Local\Programs\MiKTeX\tex/latex/lm\omxlmex.fd
File: omxlmex.fd 2015/05/01 v1.6.1 Font defs for Latin Modern
)
LaTeX Font Info:    External font `lmex10' loaded for size
(Font)              <12> on input line 15.
LaTeX Font Info:    External font `lmex10' loaded for size
(Font)              <8> on input line 15.
LaTeX Font Info:    External font `lmex10' loaded for size
(Font)              <6> on input line 15.
LaTeX Font Info:    Trying to load font information for U+msa on input line 15.
 (C:\Users\_Innos_Zorn_\AppData\Local\Programs\MiKTeX\tex/latex/amsfonts\umsa.fd
File: umsa.fd 2013/01/14 v3.01 AMS symbols A
)
LaTeX Font Info:    Trying to load font information for U+msb on input line 15.
 (C:\Users\_Innos_Zorn_\AppData\Local\Programs\MiKTeX\tex/latex/amsfonts\umsb.fd
File: umsb.fd 2013/01/14 v3.01 AMS symbols B
) [1

{C:/Users/_Innos_Zorn_/AppData/Local/MiKTeX/fonts/map/pdftex/pdftex.map}{C:/Users/_Innos_Zorn_/AppData/Local/Programs/MiKTeX/fonts/enc/dvips/lm/lm-ec.enc}{C:/Users/_Innos_Zorn_/AppData/Local/Programs/MiKTeX/fonts/enc/dvips/lm/lm-mathsy.enc}]) (front/abstract.tex
LaTeX Font Info:    Trying to load font information for T1+lmtt on input line 19.
 (C:\Users\_Innos_Zorn_\AppData\Local\Programs\MiKTeX\tex/latex/lm\t1lmtt.fd
File: t1lmtt.fd 2015/05/01 v1.6.1 Font defs for Latin Modern
)
Underfull \hbox (badness 1132) in paragraph at lines 9--22
\T1/lmr/m/n/10.95 zur Dreh-mo-ment-schät-zung und PCB-Optimierung. \T1/lmr/bx/n/10.95 Teil III \T1/lmr/m/n/10.95 ist die Schritt-für-Schritt-
 []

) [1

] (main.toc
LaTeX Font Info:    External font `lmex10' loaded for size
(Font)              <10.95> on input line 5.
 [2


]
LaTeX Font Info:    Font shape `T1/lmtt/bx/n' in size <12> not available
(Font)              Font shape `T1/lmtt/b/n' tried instead on input line 52.
LaTeX Font Info:    Font shape `T1/lmtt/bx/n' in size <10> not available
(Font)              Font shape `T1/lmtt/b/n' tried instead on input line 52.
Package babel Info: 'ngerman' activates 'german' shorthands.
(babel)             Reported on input line 66.
 [3])
\tf@toc=\write6
\openout6 = `main.toc'.

 [4]
pdfTeX warning (ext4): destination with the same identifier (name{page.1}) has been already used, duplicate ignored
<to be read again> 
                   \relax 
l.39 \part{Theoretische Grundlagen}
                                    [1


]
\openout2 = `chapters/ch01_ros2_konzepte.aux'.

 (chapters/ch01_ros2_konzepte.tex
Kapitel 1.

Package hyperref Warning: Token not allowed in a PDF string (Unicode):
(hyperref)                removing `\leavevmode@ifvmode' on input line 5.


Package hyperref Warning: Token not allowed in a PDF string (Unicode):
(hyperref)                \kern 1.82538pt
(hyperref)                removed on input line 5.


Package hyperref Warning: Token not allowed in a PDF string (Unicode):
(hyperref)                removing `\leavevmode@ifvmode' on input line 7.


Package hyperref Warning: Token not allowed in a PDF string (Unicode):
(hyperref)                \kern 1.82538pt
(hyperref)                removed on input line 7.


Package hyperref Warning: Token not allowed in a PDF string (Unicode):
(hyperref)                removing `\leavevmode@ifvmode' on input line 7.


Package hyperref Warning: Token not allowed in a PDF string (Unicode):
(hyperref)                \kern 1.82538pt
(hyperref)                removed on input line 7.


Overfull \hbox (10.07977pt too wide) in paragraph at lines 22--25
\T1/lmr/m/n/10.95 Eine Re-chen-ein-heit mit ge-nau ei-ner Ver-ant-wor-tung -- z.B. \T1/lmtt/m/n/10 ball_detector\T1/lmr/m/n/10.95 , \T1/lmtt/m/n/10 trajectory_controller\T1/lmr/m/n/10.95 .
 []

[2


]
LaTeX Font Info:    Trying to load font information for TS1+lmr on input line 56.
 (C:\Users\_Innos_Zorn_\AppData\Local\Programs\MiKTeX\tex/latex/lm\ts1lmr.fd
File: ts1lmr.fd 2015/05/01 v1.6.1 Font defs for Latin Modern
) (C:\Users\_Innos_Zorn_\AppData\Local\Programs\MiKTeX\tex/latex/listings\lstlang1.sty
File: lstlang1.sty 2025/11/14 1.11b listings language file
) (C:\Users\_Innos_Zorn_\AppData\Local\Programs\MiKTeX\tex/latex/listings\lstlang1.sty
File: lstlang1.sty 2025/11/14 1.11b listings language file
)
Package hyperref Info: bookmark level for unknown lstlisting defaults to 0 on input line 70.
LaTeX Font Info:    Font shape `T1/lmtt/bx/n' in size <9> not available
(Font)              Font shape `T1/lmtt/b/n' tried instead on input line 71.

ignored: Infinite glue shrinkage found in box being split [3{C:/Users/_Innos_Zorn_/AppData/Local/Programs/MiKTeX/fonts/enc/dvips/lm/lm-ts1.enc}{C:/Users/_Innos_Zorn_/AppData/Local/Programs/MiKTeX/fonts/enc/dvips/lm/lm-mathit.enc}]) [4]
\openout2 = `chapters/ch02_kalman_ekf.aux'.

 (chapters/ch02_kalman_ekf.tex
Kapitel 2.
[5




{C:/Users/_Innos_Zorn_/AppData/Local/Programs/MiKTeX/fonts/enc/dvips/lm/lm-rm.enc}{C:/Users/_Innos_Zorn_/AppData/Local/Programs/MiKTeX/fonts/enc/dvips/lm/lm-mathex.enc}]) [6]
\openout2 = `chapters/ch03_odometrie.aux'.

 (chapters/ch03_odometrie.tex
Kapitel 3.
LaTeX Font Info:    Font shape `T1/lmtt/bx/n' in size <10.95> not available
(Font)              Font shape `T1/lmtt/b/n' tried instead on input line 18.
)
Overfull \hbox (11.29362pt too wide) in paragraph at lines 18--43
\T1/lmr/m/n/10.95 Quel-len (Rad-Odom + IMU + vi-su-el-le Odom) zu ei-ner kon-sis-ten-ten \T1/lmtt/m/n/10 odom$\OMS/lmsy/m/n/10.95 !$\T1/lmtt/m/n/10 base_link\T1/lmr/m/n/10.95 -Transformation.
 []

[7




]
\openout2 = `chapters/ch04_stereosehen.aux'.

 (chapters/ch04_stereosehen.tex
Kapitel 4.

Overfull \hbox (2.55415pt too wide) in paragraph at lines 26--33
\T1/lmr/m/n/10.95 zwi-schen den Lin-sen). Stan-dard ist ein Schach-brett-mus-ter und das ROS2-Paket \T1/lmtt/m/n/10 camera_calibration
 []


Underfull \hbox (badness 10000) in paragraph at lines 43--43
[]|\T1/lmr/m/n/10.95 skalierungs-
 []


ignored: Infinite glue shrinkage found in box being split [8




]) [9]
\openout2 = `chapters/ch05_kinematik.aux'.

 (chapters/ch05_kinematik.tex
Kapitel 5.

Overfull \hbox (11.77222pt too wide) in paragraph at lines 42--45
[]\T1/lmr/bx/n/10.95 Gelenkraum: \T1/lmr/m/n/10.95 Ku-bi-sche/quintische Po-ly-no-me oder ein \T1/lmr/bx/n/10.95 tra-pez-för-mi-ges Ge-schwin-dig-keitspro-
 []

)
Overfull \hbox (69.38222pt too wide) in paragraph at lines 49--45
\T1/lmr/m/n/10.95 In ROS2 trans-por-tiert \T1/lmtt/m/n/10 trajectory_msgs/JointTrajectory \T1/lmr/m/n/10.95 ei-ne Bahn (Punk-te mit Po-si-ti-on/Geschwindigkeit/Zeit),
 []

[10




]
\openout2 = `chapters/ch06_schrittmotoren.aux'.

 (chapters/ch06_schrittmotoren.tex
Kapitel 6.
) [11




]
\openout2 = `chapters/ch07_zykloidgetriebe.aux'.

 (chapters/ch07_zykloidgetriebe.tex
Kapitel 7.
) [12




] [13



]
\openout2 = `chapters/ch08_komponenten.aux'.

 (chapters/ch08_komponenten.tex
Kapitel 8.

Underfull \hbox (badness 1655) in paragraph at lines 20--21
[]|\T1/lmr/m/n/10.95 Standard, güns-tig, aus-rei-chend Mo-ment
 []

[14


]) [15]
\openout2 = `chapters/ch09_pcb.aux'.

 (chapters/ch09_pcb.tex
Kapitel 9.

Overfull \hbox (12.62727pt too wide) in paragraph at lines 21--23
[]\T1/lmr/bx/n/10.95 Schutz: \T1/lmr/m/n/10.95 ESD-Dioden an USB- und Encoder-Leitungen; Ver-pol-schutz; Freilauf-/EMV-Betrachtung
 []

) [16




]

Package hyperref Warning: Token not allowed in a PDF string (Unicode):
(hyperref)                removing `\leavevmode@ifvmode' on input line 60.


Package hyperref Warning: Token not allowed in a PDF string (Unicode):
(hyperref)                \kern 1.82538pt
(hyperref)                removed on input line 60.

[17



]
\openout2 = `chapters/ch10_betriebssystem.aux'.

 (chapters/ch10_betriebssystem.tex
Kapitel 10.
) [18


]
\openout2 = `chapters/ch11_installation.aux'.

 (chapters/ch11_installation.tex
Kapitel 11.

Package hyperref Warning: Token not allowed in a PDF string (Unicode):
(hyperref)                removing `\leavevmode@ifvmode' on input line 5.


Package hyperref Warning: Token not allowed in a PDF string (Unicode):
(hyperref)                \kern 1.82538pt
(hyperref)                removed on input line 5.


Underfull \hbox (badness 10000) in paragraph at lines 49--50
[]|\T1/lmr/m/n/10.95 Hardware-Abstraktion,
 []


ignored: Infinite glue shrinkage found in box being split [19




])
Overfull \hbox (48.84608pt too wide) in paragraph at lines 62--63
\T1/lmr/m/n/10.95 Installation ge-bün-delt, z.B. \T1/lmtt/m/n/10 sudo apt install ros-jazzy-ros-gz ros-jazzy-ros2-control ros-jazzy-moveit
 []

[20] [21



]
\openout2 = `chapters/ch12_simulationswerkzeuge.aux'.

 (chapters/ch12_simulationswerkzeuge.tex
Kapitel 12.

Package hyperref Warning: Token not allowed in a PDF string (Unicode):
(hyperref)                removing `\leavevmode@ifvmode' on input line 5.


Package hyperref Warning: Token not allowed in a PDF string (Unicode):
(hyperref)                \kern 1.82538pt
(hyperref)                removed on input line 5.


Underfull \hbox (badness 10000) in paragraph at lines 13--13
[]|\T1/lmr/m/n/10.95 Standard-Simulator für
 []


Underfull \hbox (badness 10000) in paragraph at lines 17--18
[]|\T1/lmr/m/n/10.95 schnelles Pro-to-ty-ping von Ki-ne-ma-
 []


Overfull \hbox (13.20657pt too wide) in paragraph at lines 30--33
[]\T1/lmr/bx/n/10.95 Tischtennisball: \T1/lmr/m/n/10.95 Pro-jek-tilflug in-kl. Gra-vi-ta-ti-on und Auf-prall als Starr-kör-per-phy-sik; dein Kalman-
 []

) [22


] [23]
\openout2 = `chapters/ch13_sim_real_trennung.aux'.

 (chapters/ch13_sim_real_trennung.tex
Kapitel 13.

Overfull \hbox (2.82893pt too wide) in paragraph at lines 7--11
\T1/lmr/m/n/10.95 Das ist die ar-chi-tek-to-nisch wich-tigs-te Ein-sicht des gan-zen Do-ku-ments. Der Trick von \T1/lmr/bx/n/10.95 ros2_control\T1/lmr/m/n/10.95 :
 []

LaTeX Font Info:    External font `lmex10' loaded for size
(Font)              <5> on input line 15.

Package caption Warning: The option `hypcap=true' will be ignored for this
(caption)                particular \caption on input line 35.
See the caption package documentation for explanation.

) [24




]
\openout2 = `chapters/ch14_cad_urdf.aux'.

 (chapters/ch14_cad_urdf.tex
Kapitel 14.

Overfull \hbox (4.26855pt too wide) in paragraph at lines 17--19
[]\T1/lmr/m/n/10.95 Im CAD die Ge-lenkach-sen und je Link ein Referenz-Frame fest-le-gen (idea-ler-wei-se Mesh-Ursprung
 []

(C:\Users\_Innos_Zorn_\AppData\Local\Programs\MiKTeX\tex/latex/listings\lstlang1.sty
File: lstlang1.sty 2025/11/14 1.11b listings language file
) (C:\Users\_Innos_Zorn_\AppData\Local\Programs\MiKTeX\tex/latex/listings\lstmisc.sty
File: lstmisc.sty 2025/11/14 1.11b (Carsten Heinz)
) [25




]) [26]
LaTeX Font Info:    Font shape `T1/lmtt/bx/n' in size <24.88> not available
(Font)              Font shape `T1/lmtt/b/n' tried instead on input line 77.
 [27



]
\openout2 = `chapters/ch15_projekt1.aux'.

 (chapters/ch15_projekt1.tex
Kapitel 15.

Package hyperref Warning: Token not allowed in a PDF string (Unicode):
(hyperref)                removing `\leavevmode@ifvmode' on input line 11.


Package hyperref Warning: Token not allowed in a PDF string (Unicode):
(hyperref)                \kern 1.82538pt
(hyperref)                removed on input line 11.


Underfull \hbox (badness 1221) in paragraph at lines 16--21
[]|\T1/lmtt/m/n/10 trajectory_commander \T1/lmr/m/n/10.95 (PC, Action-Client) $\OMS/lmsy/m/n/10.95 ^^A$ \T1/lmtt/m/n/10 controller_manager \T1/lmr/m/n/10.95 +
 []


Underfull \hbox (badness 4927) in paragraph at lines 21--23
[]|\T1/lmtt/m/n/10 control_msgs/FollowJointTrajectory \T1/lmr/m/n/10.95 (Goal: Bahn; Feed-back: Ist-
 []


Underfull \hbox (badness 10000) in paragraph at lines 23--25
[]|\T1/lmtt/m/n/10 /joint_states \T1/lmr/m/n/10.95 (En-co-der/StallGuard) $\OMS/lmsy/m/n/10.95 ^^A$
 []


Package pgf Warning: Returning node center instead of a point on node border. Did you specify a point identical to the center of node ``js''? on input line 42.


Package caption Warning: The option `hypcap=true' will be ignored for this
(caption)                particular \caption on input line 49.
See the caption package documentation for explanation.

) [28


]
\openout2 = `chapters/ch16_projekt2.aux'.

 (chapters/ch16_projekt2.tex
Kapitel 16.

Package hyperref Warning: Token not allowed in a PDF string (Unicode):
(hyperref)                removing `\leavevmode@ifvmode' on input line 10.


Package hyperref Warning: Token not allowed in a PDF string (Unicode):
(hyperref)                \kern 1.82538pt
(hyperref)                removed on input line 10.


Underfull \hbox (badness 3449) in paragraph at lines 15--21
[]|\T1/lmtt/m/n/10 stereo_camera \T1/lmr/m/n/10.95 (Trei-ber) $\OMS/lmsy/m/n/10.95 ^^A$ \T1/lmtt/m/n/10 stereo_image_proc \T1/lmr/m/n/10.95 (Dis-pa-ri-tät/Tiefe) $\OMS/lmsy/m/n/10.95 ^^A$
 []


Underfull \hbox (badness 1874) in paragraph at lines 21--26
[]|\T1/lmtt/m/n/10 /left/image_raw\T1/lmr/m/n/10.95 , \T1/lmtt/m/n/10 /right/image_raw $\OMS/lmsy/m/n/10.95 ^^A$ \T1/lmtt/m/n/10 /points2 $\OMS/lmsy/m/n/10.95 ^^A$ \T1/lmtt/m/n/10 /ball/position $\OMS/lmsy/m/n/10.95 ^^A$
 []


Package caption Warning: The option `hypcap=true' will be ignored for this
(caption)                particular \caption on input line 47.
See the caption package documentation for explanation.


LaTeX Warning: Reference `ch:kalman' on page 29 undefined on input line 50.

) [29




]
\openout2 = `chapters/ch17_projekt3.aux'.

 (chapters/ch17_projekt3.tex
Kapitel 17.

Package hyperref Warning: Token not allowed in a PDF string (Unicode):
(hyperref)                removing `\leavevmode@ifvmode' on input line 10.


Package hyperref Warning: Token not allowed in a PDF string (Unicode):
(hyperref)                \kern 1.82538pt
(hyperref)                removed on input line 10.


Underfull \hbox (badness 10000) in paragraph at lines 15--21
[]|\T1/lmtt/m/n/10 stereo_camera $\OMS/lmsy/m/n/10.95 ^^A$ \T1/lmtt/m/n/10 visual_odometry \T1/lmr/m/n/10.95 oder Ra-do-do-me-trie $\OMS/lmsy/m/n/10.95 ^^A$
 []


Underfull \hbox (badness 10000) in paragraph at lines 15--21
\T1/lmtt/m/n/10 robot_localization \T1/lmr/m/n/10.95 (EKF: Odom+IMU) $\OMS/lmsy/m/n/10.95 ^^A$ \T1/lmtt/m/n/10 slam_toolbox \T1/lmr/m/n/10.95 (Kar-
 []


Underfull \hbox (badness 10000) in paragraph at lines 15--21
\T1/lmr/m/n/10.95 te) $\OMS/lmsy/m/n/10.95 ^^A$ \T1/lmtt/m/n/10 nav2 \T1/lmr/m/n/10.95 (Pla-ner+Controller) $\OMS/lmsy/m/n/10.95 ^^A$ \T1/lmtt/m/n/10 motion_detector \T1/lmr/m/n/10.95 (op-ti-scher
 []


Package caption Warning: The option `hypcap=true' will be ignored for this
(caption)                particular \caption on input line 46.
See the caption package documentation for explanation.

LaTeX Font Info:    External font `lmex10' loaded for size
(Font)              <10> on input line 46.
LaTeX Font Info:    External font `lmex10' loaded for size
(Font)              <7> on input line 46.
) [30




]
\openout2 = `chapters/ch18_projekt4.aux'.

 (chapters/ch18_projekt4.tex
Kapitel 18.

Package hyperref Warning: Token not allowed in a PDF string (Unicode):
(hyperref)                removing `\leavevmode@ifvmode' on input line 10.


Package hyperref Warning: Token not allowed in a PDF string (Unicode):
(hyperref)                \kern 1.82538pt
(hyperref)                removed on input line 10.


Underfull \hbox (badness 5667) in paragraph at lines 15--21
[]|\T1/lmtt/m/n/10 stereo_camera $\OMS/lmsy/m/n/10.95 ^^A$ \T1/lmtt/m/n/10 part_detector \T1/lmr/m/n/10.95 (ORB/SIFT-Matching ge-gen ge-
 []


Underfull \hbox (badness 1490) in paragraph at lines 15--21
\T1/lmr/m/n/10.95 ren-der-te CAD-Ansichten \T1/lmr/m/it/10.95 oder \T1/lmr/m/n/10.95 Punkt-wol-ke+ICP) $\OMS/lmsy/m/n/10.95 ^^A$ \T1/lmtt/m/n/10 pose_estimator
 []


Package caption Warning: The option `hypcap=true' will be ignored for this
(caption)                particular \caption on input line 42.
See the caption package documentation for explanation.

) [31




]

Package hyperref Warning: Token not allowed in a PDF string (Unicode):
(hyperref)                removing `\leavevmode@ifvmode' on input line 87.


Package hyperref Warning: Token not allowed in a PDF string (Unicode):
(hyperref)                \kern 1.82538pt
(hyperref)                removed on input line 87.

[32



]
\openout2 = `chapters/ch19_kamera_anbindung.aux'.

 (chapters/ch19_kamera_anbindung.tex
Kapitel 19.

Overfull \hbox (22.93958pt too wide) in paragraph at lines 7--9
\T1/lmr/m/n/10.95 Die syn-chro-ni-sier-te ELP-Kamera lie-fert ein side-by-side-Bild. Erst den Trei-ber star-ten, dann links/rechts
 []

(C:\Users\_Innos_Zorn_\AppData\Local\Programs\MiKTeX\tex/latex/listings\lstlang1.sty
File: lstlang1.sty 2025/11/14 1.11b listings language file
)) [33


]
\openout2 = `chapters/ch20_kalibrierung.aux'.

 (chapters/ch20_kalibrierung.tex
Kapitel 20.
) [34




]
\openout2 = `chapters/ch21_kalman_knoten.aux'.

 (chapters/ch21_kalman_knoten.tex
Kapitel 21.
) [35




]
\openout2 = `chapters/ch22_merkmalserkennung.aux'.

 (chapters/ch22_merkmalserkennung.tex
Kapitel 22.
) [36




] [37



]
\openout2 = `chapters/ch23_kamera_architektur.aux'.

 (chapters/ch23_kamera_architektur.tex
Kapitel 23.

Overfull \hbox (36.03903pt too wide) in paragraph at lines 7--10
\T1/lmr/m/n/10.95 ROS-Service oder ein-fa-chem UDP/WLAN wei-ter-zu-lei-ten -- oder ent-ste-hen Zeit-/Rechenleistungsprobleme? 
 []


Overfull \hbox (4.3291pt too wide) in paragraph at lines 38--42
\T1/lmr/m/n/10.95 lie-gen um Grö-˙en-ord-nun-gen über sei-nem WLAN-Durchsatz. Der ESP32 ge-hört auf die \T1/lmr/bx/n/10.95 Echtzeit-
 []

[38


]

Package caption Warning: The option `hypcap=true' will be ignored for this
(caption)                particular \caption on input line 95.
See the caption package documentation for explanation.

) [39]
\openout2 = `chapters/ch24_portalsystem.aux'.

 (chapters/ch24_portalsystem.tex
Kapitel 24.

Overfull \hbox (20.58308pt too wide) in paragraph at lines 17--21
\T1/lmr/m/n/10.95 Schlitten. Bau-prin-zip wie die Bambu-Lab-P2S-X-Achse -- \T1/lmr/m/it/10.95 glat-te Hohlstahl-Stäbe + GT2-Zahnriemen\T1/lmr/m/n/10.95 ,
 []


Underfull \hbox (badness 10000) in paragraph at lines 48--48
[]|\T1/lmr/m/n/10.95 Schlagarm-
 []


ignored: Infinite glue shrinkage found in box being split [40




]

Package caption Warning: The option `hypcap=true' will be ignored for this
(caption)                particular \caption on input line 83.
See the caption package documentation for explanation.

) [41]
\openout2 = `chapters/ch25_hebelarm.aux'.

 (chapters/ch25_hebelarm.tex
Kapitel 25.
) [42




] [43]
\openout2 = `chapters/ch26_simulierbarkeit.aux'.

 (chapters/ch26_simulierbarkeit.tex
Kapitel 26.

Underfull \hbox (badness 6842) in paragraph at lines 15--16
[]|\T1/lmr/m/n/10.95 Strukturelle Bie-gung/Durchbiegung der
 []


Underfull \hbox (badness 6396) in paragraph at lines 17--18
[]|\T1/lmr/m/n/10.95 Modale Re-so-nanz/Eigenschwingung der
 []


Underfull \hbox (badness 1584) in paragraph at lines 18--18
[]|\T1/lmr/m/n/10.95 Dynamische Kopp-lung (Arm-träg-heit rea-
 []

) [44




] [45]
\openout2 = `chapters/ch27_cad_module.aux'.

 (chapters/ch27_cad_module.tex
Kapitel 27.

Underfull \hbox (badness 10000) in paragraph at lines 13--13
[]|\T1/lmr/m/n/10.95 horizontale Ver-fahrach-se
 []


Underfull \hbox (badness 1824) in paragraph at lines 13--14
[]|\T1/lmr/m/n/10.95 Hohlstahl-Stäbe + GT2-Riemen; Mo-tor
 []


Underfull \hbox (badness 1033) in paragraph at lines 14--14
[]|\T1/lmr/m/n/10.95 trägt + ver-fährt die Z-
 []


Underfull \hbox (badness 10000) in paragraph at lines 17--17
[]|\T1/lmr/m/n/10.95 Y-Achse (op-tio-
 []


Underfull \hbox (badness 7595) in paragraph at lines 19--19
[]|\T1/lmr/m/n/10.95 Armglieder (2--3
 []


Underfull \hbox (badness 10000) in paragraph at lines 19--20
[]|\T1/lmr/m/n/10.95 leicht (Alu/CFK); Mo-to-ren ba-sis-nah;
 []


Overfull \hbox (13.89078pt too wide) in paragraph at lines 20--20
[]|\T1/lmr/m/n/10.95 Schlägereinspannung| 
 []


Underfull \hbox (badness 4647) in paragraph at lines 20--21
[]|\T1/lmr/m/n/10.95 starr, de-fi-nier-te Schlä-gere-be-ne, ge-rin-ge
 []


Underfull \hbox (badness 10000) in paragraph at lines 21--21
[]|\T1/lmr/m/n/10.95 Endeffektor-
 []


Underfull \hbox (badness 2376) in paragraph at lines 21--22
[]|\T1/lmr/m/n/10.95 TF-Frame: Schlä-ger-flä-chen-mit-te + Flä-
 []


Package caption Warning: The option `hypcap=true' will be ignored for this
(caption)                particular \caption on input line 46.
See the caption package documentation for explanation.

[46




]
Underfull \hbox (badness 1033) in paragraph at lines 96--102
[]\T1/lmr/m/n/10.95 Eine pris-ma-ti-sche Rie-men-ach-se wan-delt Mo-tor-dre-hung in Li-near-weg: \T1/lmr/m/it/10.95 Weg pro Um-dre-
 []

) [47] [48



]
\openout2 = `chapters/ch28_dokumentation.aux'.

 (chapters/ch28_dokumentation.tex
Kapitel 28.

Overfull \hbox (3.52089pt too wide) in paragraph at lines 13--19
\T1/lmr/m/n/10.95 Ver-drah-tung, Pin-be-le-gung), \T1/lmtt/m/n/10 /software \T1/lmr/m/n/10.95 (Pa-ke-te, Launch-Files, Parameter-YAMLs), \T1/lmtt/m/n/10 /calibration
 []

) [49


]

LaTeX Warning: Empty bibliography on input line 116.

(main.aux (chapters/ch01_ros2_konzepte.aux) (chapters/ch02_kalman_ekf.aux) (chapters/ch03_odometrie.aux) (chapters/ch04_stereosehen.aux) (chapters/ch05_kinematik.aux) (chapters/ch06_schrittmotoren.aux) (chapters/ch07_zykloidgetriebe.aux) (chapters/ch08_komponenten.aux) (chapters/ch09_pcb.aux) (chapters/ch10_betriebssystem.aux) (chapters/ch11_installation.aux) (chapters/ch12_simulationswerkzeuge.aux) (chapters/ch13_sim_real_trennung.aux) (chapters/ch14_cad_urdf.aux) (chapters/ch15_projekt1.aux) (chapters/ch16_projekt2.aux) (chapters/ch17_projekt3.aux) (chapters/ch18_projekt4.aux) (chapters/ch19_kamera_anbindung.aux) (chapters/ch20_kalibrierung.aux) (chapters/ch21_kalman_knoten.aux) (chapters/ch22_merkmalserkennung.aux) (chapters/ch23_kamera_architektur.aux) (chapters/ch24_portalsystem.aux) (chapters/ch25_hebelarm.aux) (chapters/ch26_simulierbarkeit.aux) (chapters/ch27_cad_module.aux) (chapters/ch28_dokumentation.aux))
 ***********
LaTeX2e <2025-11-01>
L3 programming layer <2026-01-19>
 ***********


LaTeX Warning: There were undefined references.

Package rerunfilecheck Info: File `main.out' has not changed.
(rerunfilecheck)             Checksum: 76704AA03A392A4D253B62EF13315211;18741.
Package logreq Info: Writing requests to 'main.run.xml'.
\openout1 = `main.run.xml'.

 ) 
Here is how much of TeX's memory you used:
 42060 strings out of 467867
 863346 string characters out of 5414947
 2112543 words of memory out of 5000000
 69661 multiletter control sequences out of 15000+600000
 748360 words of font info for 131 fonts, out of 8000000 for 9000
 1143 hyphenation exceptions out of 8191
 89i,13n,99p,1962b,2371s stack positions out of 10000i,1000n,20000p,200000b,200000s
<C:/Users/_Innos_Zorn_/AppData/Local/Programs/MiKTeX/fonts/type1/public/eurosym/feymr10.pfb><C:/Users/_Innos_Zorn_/AppData/Local/Programs/MiKTeX/fonts/type1/public/lm/lmbx10.pfb><C:/Users/_Innos_Zorn_/AppData/Local/Programs/MiKTeX/fonts/type1/public/lm/lmbx12.pfb><C:/Users/_Innos_Zorn_/AppData/Local/Programs/MiKTeX/fonts/type1/public/lm/lmbxi10.pfb><C:/Users/_Innos_Zorn_/AppData/Local/Programs/MiKTeX/fonts/type1/public/lm/lmex10.pfb><C:/Users/_Innos_Zorn_/AppData/Local/Programs/MiKTeX/fonts/type1/public/lm/lmmi10.pfb><C:/Users/_Innos_Zorn_/AppData/Local/Programs/MiKTeX/fonts/type1/public/lm/lmmi6.pfb><C:/Users/_Innos_Zorn_/AppData/Local/Programs/MiKTeX/fonts/type1/public/lm/lmmi8.pfb><C:/Users/_Innos_Zorn_/AppData/Local/Programs/MiKTeX/fonts/type1/public/lm/lmmib10.pfb><C:/Users/_Innos_Zorn_/AppData/Local/Programs/MiKTeX/fonts/type1/public/lm/lmr10.pfb><C:/Users/_Innos_Zorn_/AppData/Local/Programs/MiKTeX/fonts/type1/public/lm/lmr12.pfb><C:/Users/_Innos_Zorn_/AppData/Local/Programs/MiKTeX/fonts/type1/public/lm/lmr6.pfb><C:/Users/_Innos_Zorn_/AppData/Local/Programs/MiKTeX/fonts/type1/public/lm/lmr8.pfb><C:/Users/_Innos_Zorn_/AppData/Local/Programs/MiKTeX/fonts/type1/public/lm/lmri10.pfb><C:/Users/_Innos_Zorn_/AppData/Local/Programs/MiKTeX/fonts/type1/public/lm/lmri12.pfb><C:/Users/_Innos_Zorn_/AppData/Local/Programs/MiKTeX/fonts/type1/public/lm/lmri8.pfb><C:/Users/_Innos_Zorn_/AppData/Local/Programs/MiKTeX/fonts/type1/public/lm/lmsy10.pfb><C:/Users/_Innos_Zorn_/AppData/Local/Programs/MiKTeX/fonts/type1/public/lm/lmsy6.pfb><C:/Users/_Innos_Zorn_/AppData/Local/Programs/MiKTeX/fonts/type1/public/lm/lmsy8.pfb><C:/Users/_Innos_Zorn_/AppData/Local/Programs/MiKTeX/fonts/type1/public/lm/lmtk10.pfb><C:/Users/_Innos_Zorn_/AppData/Local/Programs/MiKTeX/fonts/type1/public/lm/lmtt10.pfb><C:/Users/_Innos_Zorn_/AppData/Local/Programs/MiKTeX/fonts/type1/public/lm/lmtt8.pfb><C:/Users/_Innos_Zorn_/AppData/Local/Programs/MiKTeX/fonts/type1/public/lm/lmtt9.pfb><C:/Users/_Innos_Zorn_/AppData/Local/Programs/MiKTeX/fonts/type1/public/lm/lmtti10.pfb>
Output written on main.pdf (54 pages, 741036 bytes).
PDF statistics:
 1224 PDF objects out of 1440 (max. 8388607)
 424 named destinations out of 1000 (max. 500000)
 861 words of extra memory for PDF output out of 10000 (max. 10000000)

